#
# A fatal error has been detected by the Java Runtime Environment:
#
#  SIGSEGV (0xb) at pc=0x00007fb20924cb5b, pid=92072, tid=0x00007fb208c6f700
#
# JRE version: OpenJDK Runtime Environment (8.0_312-b07) (build 1.8.0_312-8u312-b07-0ubuntu1~20.04-b07)
# Java VM: OpenJDK 64-Bit Server VM (25.312-b07 mixed mode linux-amd64 compressed oops)
# Problematic frame:
# C  [libatk-bridge-2.0.so.0+0x11b5b]  atk_bridge_adaptor_init+0x13b
#
# Failed to write core dump. Core dumps have been disabled. To enable core dumping, try "ulimit -c unlimited" before starting Java again
#
# If you would like to submit a bug report, please visit:
#   http://bugreport.java.com/bugreport/crash.jsp
# The crash happened outside the Java Virtual Machine in native code.
# See problematic frame for where to report the bug.
#

---------------  T H R E A D  ---------------

Current thread (0x00007fb2282f8000):  JavaThread "AWT-EventQueue-1" [_thread_in_native, id=92096, stack(0x00007fb208b6f000,0x00007fb208c70000)]

siginfo: si_signo: 11 (SIGSEGV), si_code: 1 (SEGV_MAPERR), si_addr: 0x0000000000000020

Registers:
RAX=0x00007fb1c0005590, RBX=0x00007fb209271038, RCX=0x0000000000000000, RDX=0x00007fb209076ce7
RSP=0x00007fb208c6cae0, RBP=0x0000000000000000, RSI=0x0000000000000001, RDI=0x00007fb1c00056e0
R8 =0x0000000000000000, R9 =0x00007fb208c6ca18, R10=0x0000000000000000, R11=0x0000000000000000
R12=0x0000000000000000, R13=0x00007fb2282b86b0, R14=0x00007fb208c6caf0, R15=0x00007fb1c0004b70
RIP=0x00007fb20924cb5b, EFLAGS=0x0000000000010206, CSGSFS=0x002b000000000033, ERR=0x0000000000000004
  TRAPNO=0x000000000000000e

Top of Stack: (sp=0x00007fb208c6cae0)
0x00007fb208c6cae0:   00007fb2187e07b0 0000000000000000
0x00007fb208c6caf0:   0000000000000000 0000000000000000
0x00007fb208c6cb00:   00007fb228235b71 00007fb2187e07b0
0x00007fb208c6cb10:   00007fb2282f8000 75c940b478b4bb00
0x00007fb208c6cb20:   00007fb2187e07b0 00007fb2092c6540
0x00007fb208c6cb30:   00007fb2092c6540 0000000000000000
0x00007fb208c6cb40:   00007fb2187e07b0 00007fb208c6cc10
0x00007fb208c6cb50:   00007fb2282f8000 00007fb2092a4273
0x00007fb208c6cb60:   00007fb2092c6540 00007fb2187e07b0
0x00007fb208c6cb70:   0000000000000000 00007fb2092a4566
0x00007fb208c6cb80:   0000000000000000 75c940b478b4bb00
0x00007fb208c6cb90:   00007fb2187e07b0 00007fb208c6cbf8
0x00007fb208c6cba0:   0000000000000000 00007fb219018427
0x00007fb208c6cbb0:   fffffffe00000000 00007fb208c6cbb8
0x00007fb208c6cbc0:   00007fb2187e07b0 00007fb208c6cc10
0x00007fb208c6cbd0:   00007fb2187f3428 0000000000000000
0x00007fb208c6cbe0:   00007fb2187e07b0 0000000000000000
0x00007fb208c6cbf0:   00007fb208c6cc18 00007fb208c6cc58
0x00007fb208c6cc00:   00007fb219007ffd 0000000782864b68
0x00007fb208c6cc10:   00007fb219011a58 00007fb208c6cc18
0x00007fb208c6cc20:   00007fb2187f59e2 00007fb208c6cc78
0x00007fb208c6cc30:   00007fb2187f5b98 0000000000000000
0x00007fb208c6cc40:   00007fb2187f5af8 00007fb208c6cc18
0x00007fb208c6cc50:   00007fb208c6cc70 00007fb208c6ccc0
0x00007fb208c6cc60:   00007fb219008042 0000000000000000
0x00007fb208c6cc70:   0000000782ac4688 00000007828b2c50
0x00007fb208c6cc80:   00007fb208c6cc80 00007fb21883e2bd
0x00007fb208c6cc90:   00007fb208c6cd00 00007fb21883e368
0x00007fb208c6cca0:   0000000000000000 00007fb21883e2e0
0x00007fb208c6ccb0:   00007fb208c6cc70 00007fb208c6ccf8
0x00007fb208c6ccc0:   00007fb208c6cd48 00007fb219008042
0x00007fb208c6ccd0:   0000000000000000 0000000000000000 

Instructions: (pc=0x00007fb20924cb5b)
0x00007fb20924cb3b:   d1 ff ff 4c 89 f7 48 89 45 50 e8 a6 ce ff ff 48
0x00007fb20924cb4b:   8b 2b 31 c0 e8 ac d1 ff ff 48 89 45 20 48 8b 2b
0x00007fb20924cb5b:   48 8b 7d 20 48 85 ff 0f 84 8e 03 00 00 4c 8b 3d
0x00007fb20924cb6b:   61 34 02 00 49 8b 37 48 85 f6 74 26 4c 89 f1 31 

Register to memory mapping:

RAX=0x00007fb1c0005590 is an unknown value
RBX=0x00007fb209271038: spi_global_app_data+0 in /lib/x86_64-linux-gnu/libatk-bridge-2.0.so.0 at 0x00007fb20923b000
RCX=0x0000000000000000 is an unknown value
RDX=0x00007fb209076ce7: dbus_connection_set_data+0x47 in /lib/x86_64-linux-gnu/libdbus-1.so.3 at 0x00007fb209061000
RSP=0x00007fb208c6cae0 is pointing into the stack for thread: 0x00007fb2282f8000
RBP=0x0000000000000000 is an unknown value
RSI=0x0000000000000001 is an unknown value
RDI=0x00007fb1c00056e0 is an unknown value
R8 =0x0000000000000000 is an unknown value
R9 =0x00007fb208c6ca18 is pointing into the stack for thread: 0x00007fb2282f8000
R10=0x0000000000000000 is an unknown value
R11=0x0000000000000000 is an unknown value
R12=0x0000000000000000 is an unknown value
R13=0x00007fb2282b86b0 is an unknown value
R14=0x00007fb208c6caf0 is pointing into the stack for thread: 0x00007fb2282f8000
R15=0x00007fb1c0004b70 is an unknown value


Stack: [0x00007fb208b6f000,0x00007fb208c70000],  sp=0x00007fb208c6cae0,  free space=1014k
Native frames: (J=compiled Java code, j=interpreted, Vv=VM code, C=native code)
C  [libatk-bridge-2.0.so.0+0x11b5b]  atk_bridge_adaptor_init+0x13b

Java frames: (J=compiled Java code, j=interpreted, Vv=VM code)
j  org.GNOME.Accessibility.AtkWrapper.loadAtkBridge()V+0
j  org.GNOME.Accessibility.AtkWrapper$4.eventDispatched(Ljava/awt/AWTEvent;)V+18
j  java.awt.Toolkit$SelectiveAWTEventListener.eventDispatched(Ljava/awt/AWTEvent;)V+733
j  java.awt.Toolkit.notifyAWTEventListeners(Ljava/awt/AWTEvent;)V+30
j  java.awt.Component.dispatchEventImpl(Ljava/awt/AWTEvent;)V+257
j  java.awt.Container.dispatchEventImpl(Ljava/awt/AWTEvent;)V+42
j  java.awt.Window.dispatchEventImpl(Ljava/awt/AWTEvent;)V+19
j  java.awt.Component.dispatchEvent(Ljava/awt/AWTEvent;)V+2
j  java.awt.EventQueue.dispatchEventImpl(Ljava/awt/AWTEvent;Ljava/lang/Object;)V+41
j  java.awt.EventQueue.access$500(Ljava/awt/EventQueue;Ljava/awt/AWTEvent;Ljava/lang/Object;)V+3
j  java.awt.EventQueue$3.run()Ljava/lang/Void;+32
j  java.awt.EventQueue$3.run()Ljava/lang/Object;+1
v  ~StubRoutines::call_stub
j  java.security.AccessController.doPrivileged(Ljava/security/PrivilegedAction;Ljava/security/AccessControlContext;)Ljava/lang/Object;+0
j  java.security.ProtectionDomain$JavaSecurityAccessImpl.doIntersectionPrivilege(Ljava/security/PrivilegedAction;Ljava/security/AccessControlContext;Ljava/security/AccessControlContext;)Ljava/lang/Object;+18
j  java.security.ProtectionDomain$JavaSecurityAccessImpl.doIntersectionPrivilege(Ljava/security/PrivilegedAction;Ljava/security/AccessControlContext;)Ljava/lang/Object;+6
j  java.awt.EventQueue$4.run()Ljava/lang/Void;+11
j  java.awt.EventQueue$4.run()Ljava/lang/Object;+1
v  ~StubRoutines::call_stub
j  java.security.AccessController.doPrivileged(Ljava/security/PrivilegedAction;Ljava/security/AccessControlContext;)Ljava/lang/Object;+0
j  java.security.ProtectionDomain$JavaSecurityAccessImpl.doIntersectionPrivilege(Ljava/security/PrivilegedAction;Ljava/security/AccessControlContext;Ljava/security/AccessControlContext;)Ljava/lang/Object;+18
j  java.awt.EventQueue.dispatchEvent(Ljava/awt/AWTEvent;)V+73
j  org.GNOME.Accessibility.AtkWrapper$6.dispatchEvent(Ljava/awt/AWTEvent;)V+100
j  java.awt.EventDispatchThread.pumpOneEventForFilters(I)V+140
j  java.awt.EventDispatchThread.pumpEventsForFilter(ILjava/awt/Conditional;Ljava/awt/EventFilter;)V+35
j  java.awt.EventDispatchThread.pumpEventsForHierarchy(ILjava/awt/Conditional;Ljava/awt/Component;)V+11
j  java.awt.EventDispatchThread.pumpEvents(ILjava/awt/Conditional;)V+4
j  java.awt.EventDispatchThread.pumpEvents(Ljava/awt/Conditional;)V+3
j  java.awt.EventDispatchThread.run()V+9
v  ~StubRoutines::call_stub

---------------  P R O C E S S  ---------------

Java Threads: ( => current thread )
=>0x00007fb2282f8000 JavaThread "AWT-EventQueue-1" [_thread_in_native, id=92096, stack(0x00007fb208b6f000,0x00007fb208c70000)]
  0x00007fb2282ec000 JavaThread "AWT-Shutdown" [_thread_blocked, id=92095, stack(0x00007fb208c70000,0x00007fb208d71000)]
  0x00007fb2282af000 JavaThread "process reaper" daemon [_thread_blocked, id=92094, stack(0x00007fb2092c7000,0x00007fb209300000)]
  0x00007fb228299800 JavaThread "AWT-XAWT" daemon [_thread_in_native, id=92092, stack(0x00007fb209300000,0x00007fb209401000)]
  0x00007fb228271000 JavaThread "Java2D Disposer" daemon [_thread_blocked, id=92091, stack(0x00007fb209409000,0x00007fb20950a000)]
  0x00007fb2280ca000 JavaThread "Service Thread" daemon [_thread_blocked, id=92089, stack(0x00007fb209f0e000,0x00007fb20a00f000)]
  0x00007fb2280bf000 JavaThread "C1 CompilerThread2" daemon [_thread_blocked, id=92088, stack(0x00007fb20a010000,0x00007fb20a110000)]
  0x00007fb2280bd000 JavaThread "C2 CompilerThread1" daemon [_thread_blocked, id=92087, stack(0x00007fb20a111000,0x00007fb20a211000)]
  0x00007fb2280ba800 JavaThread "C2 CompilerThread0" daemon [_thread_blocked, id=92086, stack(0x00007fb20a212000,0x00007fb20a312000)]
  0x00007fb2280b4800 JavaThread "Signal Dispatcher" daemon [_thread_blocked, id=92085, stack(0x00007fb20a312000,0x00007fb20a413000)]
  0x00007fb228086800 JavaThread "Finalizer" daemon [_thread_blocked, id=92084, stack(0x00007fb20b1f2000,0x00007fb20b2f3000)]
  0x00007fb228082000 JavaThread "Reference Handler" daemon [_thread_blocked, id=92083, stack(0x00007fb20b2f3000,0x00007fb20b3f4000)]
  0x00007fb22800b000 JavaThread "main" [_thread_in_Java, id=92076, stack(0x00007fb22d7d5000,0x00007fb22d8d5000)]

Other Threads:
  0x00007fb228078800 VMThread [stack: 0x00007fb20b3f5000,0x00007fb20b4f5000] [id=92082]
  0x00007fb2280cc800 WatcherThread [stack: 0x00007fb209e0e000,0x00007fb209f0e000] [id=92090]

VM state:not at safepoint (normal execution)

VM Mutex/Monitor currently owned by a thread: None

heap address: 0x0000000706e00000, size: 2962 MB, Compressed Oops mode: Zero based, Oop shift amount: 3
Narrow klass base: 0x0000000000000000, Narrow klass shift: 3
Compressed class space size: 1073741824 Address: 0x00000007c0000000

Heap:
 PSYoungGen      total 55808K, used 7701K [0x0000000782500000, 0x0000000786300000, 0x00000007c0000000)
  eden space 48128K, 16% used [0x0000000782500000,0x0000000782c85720,0x0000000785400000)
  from space 7680K, 0% used [0x0000000785b80000,0x0000000785b80000,0x0000000786300000)
  to   space 7680K, 0% used [0x0000000785400000,0x0000000785400000,0x0000000785b80000)
 ParOldGen       total 126976K, used 0K [0x0000000706e00000, 0x000000070ea00000, 0x0000000782500000)
  object space 126976K, 0% used [0x0000000706e00000,0x0000000706e00000,0x000000070ea00000)
 Metaspace       used 8416K, capacity 8642K, committed 8832K, reserved 1056768K
  class space    used 966K, capacity 1067K, committed 1152K, reserved 1048576K

Card table byte_map: [0x00007fb22cddc000,0x00007fb22d3a6000] byte_map_base: 0x00007fb2295a5000

Marking Bits: (ParMarkBitMap*) 0x00007fb22ea06720
 Begin Bits: [0x00007fb1fe370000, 0x00007fb2011b8000)
 End Bits:   [0x00007fb2011b8000, 0x00007fb204000000)

Polling page: 0x00007fb22ecbc000

CodeCache: size=245760Kb used=1768Kb max_used=1768Kb free=243991Kb
 bounds [0x00007fb219000000, 0x00007fb219270000, 0x00007fb228000000]
 total_blobs=787 nmethods=317 adapters=384
 compilation: enabled

Compilation events (10 events):
Event: 0.267 Thread 0x00007fb2280bf000  312       3       java.lang.Long::compareTo (12 bytes)
Event: 0.268 Thread 0x00007fb2280bf000 nmethod 312 0x00007fb2191b8350 code [0x00007fb2191b84c0, 0x00007fb2191b8750]
Event: 0.268 Thread 0x00007fb2280bf000  313       3       java.lang.Long::compare (22 bytes)
Event: 0.268 Thread 0x00007fb2280bf000 nmethod 313 0x00007fb2191b8b90 code [0x00007fb2191b8d00, 0x00007fb2191b8f10]
Event: 0.268 Thread 0x00007fb2280bf000  314       3       sun.awt.X11.Native::putByte (9 bytes)
Event: 0.268 Thread 0x00007fb2280bf000 nmethod 314 0x00007fb2191b8f90 code [0x00007fb2191b9100, 0x00007fb2191b9250]
Event: 0.268 Thread 0x00007fb2280bf000  316       3       sun.awt.X11.XWrapperBase::<init> (5 bytes)
Event: 0.268 Thread 0x00007fb2280bf000 nmethod 316 0x00007fb2191b9310 code [0x00007fb2191b9480, 0x00007fb2191b9630]
Event: 0.268 Thread 0x00007fb2280bf000  317       3       sun.awt.X11.XAnyEvent::get_window (20 bytes)
Event: 0.269 Thread 0x00007fb2280bf000 nmethod 317 0x00007fb2191b96d0 code [0x00007fb2191b9860, 0x00007fb2191b9c48]

GC Heap History (0 events):
No events

Deoptimization events (0 events):
No events

Classes redefined (0 events):
No events

Internal exceptions (10 events):
Event: 0.076 Thread 0x00007fb22800b000 Exception <a 'java/security/PrivilegedActionException'> (0x000000078254ffd8) thrown at [/build/openjdk-8-85WbbC/openjdk-8-8u312-b07/src/hotspot/src/share/vm/prims/jvm.cpp, line 1521]
Event: 0.076 Thread 0x00007fb22800b000 Exception <a 'java/security/PrivilegedActionException'> (0x00000007825501e8) thrown at [/build/openjdk-8-85WbbC/openjdk-8-8u312-b07/src/hotspot/src/share/vm/prims/jvm.cpp, line 1521]
Event: 0.106 Thread 0x00007fb22800b000 Exception <a 'java/security/PrivilegedActionException'> (0x00000007825918b8) thrown at [/build/openjdk-8-85WbbC/openjdk-8-8u312-b07/src/hotspot/src/share/vm/prims/jvm.cpp, line 1521]
Event: 0.106 Thread 0x00007fb22800b000 Exception <a 'java/security/PrivilegedActionException'> (0x0000000782591ac8) thrown at [/build/openjdk-8-85WbbC/openjdk-8-8u312-b07/src/hotspot/src/share/vm/prims/jvm.cpp, line 1521]
Event: 0.106 Thread 0x00007fb22800b000 Exception <a 'java/security/PrivilegedActionException'> (0x00000007825941e8) thrown at [/build/openjdk-8-85WbbC/openjdk-8-8u312-b07/src/hotspot/src/share/vm/prims/jvm.cpp, line 1521]
Event: 0.106 Thread 0x00007fb22800b000 Exception <a 'java/security/PrivilegedActionException'> (0x00000007825943f8) thrown at [/build/openjdk-8-85WbbC/openjdk-8-8u312-b07/src/hotspot/src/share/vm/prims/jvm.cpp, line 1521]
Event: 0.144 Thread 0x00007fb22800b000 Exception <a 'java/lang/NoSuchFieldError': method resolution failed> (0x0000000782755490) thrown at [/build/openjdk-8-85WbbC/openjdk-8-8u312-b07/src/hotspot/src/share/vm/prims/methodHandles.cpp, line 1176]
Event: 0.146 Thread 0x00007fb22800b000 Exception <a 'java/lang/NoSuchFieldError': method resolution failed> (0x0000000782762c90) thrown at [/build/openjdk-8-85WbbC/openjdk-8-8u312-b07/src/hotspot/src/share/vm/prims/methodHandles.cpp, line 1176]
Event: 0.167 Thread 0x00007fb22800b000 Exception <a 'java/io/FileNotFoundException'> (0x00000007827e2808) thrown at [/build/openjdk-8-85WbbC/openjdk-8-8u312-b07/src/hotspot/src/share/vm/prims/jni.cpp, line 711]
Event: 0.180 Thread 0x00007fb22800b000 Exception <a 'java/lang/ClassNotFoundException': sun/dc/DuctusRenderingEngine> (0x00000007827fe0c8) thrown at [/build/openjdk-8-85WbbC/openjdk-8-8u312-b07/src/hotspot/src/share/vm/classfile/systemDictionary.cpp, line 217]

Events (10 events):
Event: 0.271 loading class javax/swing/AbstractAction
Event: 0.272 loading class javax/swing/AbstractAction done
Event: 0.272 loading class javax/swing/text/TextAction done
Event: 0.272 loading class javax/swing/JTextField$NotifyAction done
Event: 0.272 loading class javax/swing/ArrayTable
Event: 0.272 loading class javax/swing/ArrayTable done
Event: 0.272 loading class javax/swing/event/EventListenerList
Event: 0.272 loading class javax/swing/event/EventListenerList done
Event: 0.272 loading class javax/swing/SwingUtilities
Event: 0.272 loading class javax/swing/SwingUtilities done


Dynamic libraries:
706e00000-70ea00000 rw-p 00000000 00:00 0 
70ea00000-782500000 ---p 00000000 00:00 0 
782500000-786300000 rw-p 00000000 00:00 0 
786300000-7c0000000 ---p 00000000 00:00 0 
7c0000000-7c0120000 rw-p 00000000 00:00 0 
7c0120000-800000000 ---p 00000000 00:00 0 
560408b8e000-560408b8f000 r--p 00000000 08:05 11667923                   /usr/lib/jvm/java-8-openjdk-amd64/jre/bin/java
560408b8f000-560408b90000 r-xp 00001000 08:05 11667923                   /usr/lib/jvm/java-8-openjdk-amd64/jre/bin/java
560408b90000-560408b91000 r--p 00002000 08:05 11667923                   /usr/lib/jvm/java-8-openjdk-amd64/jre/bin/java
560408b91000-560408b92000 r--p 00002000 08:05 11667923                   /usr/lib/jvm/java-8-openjdk-amd64/jre/bin/java
560408b92000-560408b93000 rw-p 00003000 08:05 11667923                   /usr/lib/jvm/java-8-openjdk-amd64/jre/bin/java
56040a10b000-56040a12c000 rw-p 00000000 00:00 0                          [heap]
7fb1c0000000-7fb1c0021000 rw-p 00000000 00:00 0 
7fb1c0021000-7fb1c4000000 ---p 00000000 00:00 0 
7fb1c8000000-7fb1c8021000 rw-p 00000000 00:00 0 
7fb1c8021000-7fb1cc000000 ---p 00000000 00:00 0 
7fb1cc000000-7fb1cc021000 rw-p 00000000 00:00 0 
7fb1cc021000-7fb1d0000000 ---p 00000000 00:00 0 
7fb1d0000000-7fb1d0021000 rw-p 00000000 00:00 0 
7fb1d0021000-7fb1d4000000 ---p 00000000 00:00 0 
7fb1d4000000-7fb1d4021000 rw-p 00000000 00:00 0 
7fb1d4021000-7fb1d8000000 ---p 00000000 00:00 0 
7fb1d8000000-7fb1d8021000 rw-p 00000000 00:00 0 
7fb1d8021000-7fb1dc000000 ---p 00000000 00:00 0 
7fb1dc000000-7fb1dc021000 rw-p 00000000 00:00 0 
7fb1dc021000-7fb1e0000000 ---p 00000000 00:00 0 
7fb1e0000000-7fb1e0107000 rw-p 00000000 00:00 0 
7fb1e0107000-7fb1e4000000 ---p 00000000 00:00 0 
7fb1e4000000-7fb1e41d1000 rw-p 00000000 00:00 0 
7fb1e41d1000-7fb1e8000000 ---p 00000000 00:00 0 
7fb1e8000000-7fb1e8021000 rw-p 00000000 00:00 0 
7fb1e8021000-7fb1ec000000 ---p 00000000 00:00 0 
7fb1ec000000-7fb1ec042000 rw-p 00000000 00:00 0 
7fb1ec042000-7fb1f0000000 ---p 00000000 00:00 0 
7fb1f0000000-7fb1f0021000 rw-p 00000000 00:00 0 
7fb1f0021000-7fb1f4000000 ---p 00000000 00:00 0 
7fb1f4000000-7fb1f4021000 rw-p 00000000 00:00 0 
7fb1f4021000-7fb1f8000000 ---p 00000000 00:00 0 
7fb1f8000000-7fb1f8021000 rw-p 00000000 00:00 0 
7fb1f8021000-7fb1fc000000 ---p 00000000 00:00 0 
7fb1fe370000-7fb204000000 rw-p 00000000 00:00 0 
7fb204000000-7fb204021000 rw-p 00000000 00:00 0 
7fb204021000-7fb208000000 ---p 00000000 00:00 0 
7fb208b6f000-7fb208b72000 ---p 00000000 00:00 0 
7fb208b72000-7fb208c70000 rw-p 00000000 00:00 0 
7fb208c70000-7fb208c73000 ---p 00000000 00:00 0 
7fb208c73000-7fb208d71000 rw-p 00000000 00:00 0 
7fb208d71000-7fb208d75000 r--p 00000000 08:05 9576198                    /usr/lib/x86_64-linux-gnu/libgpg-error.so.0.28.0
7fb208d75000-7fb208d88000 r-xp 00004000 08:05 9576198                    /usr/lib/x86_64-linux-gnu/libgpg-error.so.0.28.0
7fb208d88000-7fb208d92000 r--p 00017000 08:05 9576198                    /usr/lib/x86_64-linux-gnu/libgpg-error.so.0.28.0
7fb208d92000-7fb208d93000 r--p 00020000 08:05 9576198                    /usr/lib/x86_64-linux-gnu/libgpg-error.so.0.28.0
7fb208d93000-7fb208d94000 rw-p 00021000 08:05 9576198                    /usr/lib/x86_64-linux-gnu/libgpg-error.so.0.28.0
7fb208d94000-7fb208da0000 r--p 00000000 08:05 9568281                    /usr/lib/x86_64-linux-gnu/libgcrypt.so.20.2.5
7fb208da0000-7fb208e6e000 r-xp 0000c000 08:05 9568281                    /usr/lib/x86_64-linux-gnu/libgcrypt.so.20.2.5
7fb208e6e000-7fb208eab000 r--p 000da000 08:05 9568281                    /usr/lib/x86_64-linux-gnu/libgcrypt.so.20.2.5
7fb208eab000-7fb208ead000 r--p 00116000 08:05 9568281                    /usr/lib/x86_64-linux-gnu/libgcrypt.so.20.2.5
7fb208ead000-7fb208eb2000 rw-p 00118000 08:05 9568281                    /usr/lib/x86_64-linux-gnu/libgcrypt.so.20.2.5
7fb208eb2000-7fb208eb4000 r--p 00000000 08:05 9568960                    /usr/lib/x86_64-linux-gnu/liblz4.so.1.9.2
7fb208eb4000-7fb208ece000 r-xp 00002000 08:05 9568960                    /usr/lib/x86_64-linux-gnu/liblz4.so.1.9.2
7fb208ece000-7fb208ed1000 r--p 0001c000 08:05 9568960                    /usr/lib/x86_64-linux-gnu/liblz4.so.1.9.2
7fb208ed1000-7fb208ed2000 r--p 0001e000 08:05 9568960                    /usr/lib/x86_64-linux-gnu/liblz4.so.1.9.2
7fb208ed2000-7fb208ed3000 rw-p 0001f000 08:05 9568960                    /usr/lib/x86_64-linux-gnu/liblz4.so.1.9.2
7fb208ed3000-7fb208ed6000 r--p 00000000 08:05 9576459                    /usr/lib/x86_64-linux-gnu/liblzma.so.5.2.4
7fb208ed6000-7fb208eee000 r-xp 00003000 08:05 9576459                    /usr/lib/x86_64-linux-gnu/liblzma.so.5.2.4
7fb208eee000-7fb208ef9000 r--p 0001b000 08:05 9576459                    /usr/lib/x86_64-linux-gnu/liblzma.so.5.2.4
7fb208ef9000-7fb208efa000 ---p 00026000 08:05 9576459                    /usr/lib/x86_64-linux-gnu/liblzma.so.5.2.4
7fb208efa000-7fb208efb000 r--p 00026000 08:05 9576459                    /usr/lib/x86_64-linux-gnu/liblzma.so.5.2.4
7fb208efb000-7fb208efc000 rw-p 00027000 08:05 9576459                    /usr/lib/x86_64-linux-gnu/liblzma.so.5.2.4
7fb208efc000-7fb208f0c000 r--p 00000000 08:05 9571567                    /usr/lib/x86_64-linux-gnu/libsystemd.so.0.28.0
7fb208f0c000-7fb208f81000 r-xp 00010000 08:05 9571567                    /usr/lib/x86_64-linux-gnu/libsystemd.so.0.28.0
7fb208f81000-7fb208fa6000 r--p 00085000 08:05 9571567                    /usr/lib/x86_64-linux-gnu/libsystemd.so.0.28.0
7fb208fa6000-7fb208fa9000 r--p 000a9000 08:05 9571567                    /usr/lib/x86_64-linux-gnu/libsystemd.so.0.28.0
7fb208fa9000-7fb208faa000 rw-p 000ac000 08:05 9571567                    /usr/lib/x86_64-linux-gnu/libsystemd.so.0.28.0
7fb208faa000-7fb208fab000 rw-p 00000000 00:00 0 
7fb208fab000-7fb208fad000 r--p 00000000 08:05 9576666                    /usr/lib/x86_64-linux-gnu/libpcre.so.3.13.3
7fb208fad000-7fb208ffe000 r-xp 00002000 08:05 9576666                    /usr/lib/x86_64-linux-gnu/libpcre.so.3.13.3
7fb208ffe000-7fb20901c000 r--p 00053000 08:05 9576666                    /usr/lib/x86_64-linux-gnu/libpcre.so.3.13.3
7fb20901c000-7fb20901d000 r--p 00070000 08:05 9576666                    /usr/lib/x86_64-linux-gnu/libpcre.so.3.13.3
7fb20901d000-7fb20901e000 rw-p 00071000 08:05 9576666                    /usr/lib/x86_64-linux-gnu/libpcre.so.3.13.3
7fb20901e000-7fb209020000 r--p 00000000 08:05 9576050                    /usr/lib/x86_64-linux-gnu/libffi.so.7.1.0
7fb209020000-7fb209026000 r-xp 00002000 08:05 9576050                    /usr/lib/x86_64-linux-gnu/libffi.so.7.1.0
7fb209026000-7fb209027000 r--p 00008000 08:05 9576050                    /usr/lib/x86_64-linux-gnu/libffi.so.7.1.0
7fb209027000-7fb209028000 ---p 00009000 08:05 9576050                    /usr/lib/x86_64-linux-gnu/libffi.so.7.1.0
7fb209028000-7fb209029000 r--p 00009000 08:05 9576050                    /usr/lib/x86_64-linux-gnu/libffi.so.7.1.0
7fb209029000-7fb20902a000 rw-p 0000a000 08:05 9576050                    /usr/lib/x86_64-linux-gnu/libffi.so.7.1.0
7fb20902a000-7fb209039000 r--p 00000000 08:05 9575751                    /usr/lib/x86_64-linux-gnu/libatspi.so.0.0.1
7fb209039000-7fb20904f000 r-xp 0000f000 08:05 9575751                    /usr/lib/x86_64-linux-gnu/libatspi.so.0.0.1
7fb20904f000-7fb20905c000 r--p 00025000 08:05 9575751                    /usr/lib/x86_64-linux-gnu/libatspi.so.0.0.1
7fb20905c000-7fb20905d000 ---p 00032000 08:05 9575751                    /usr/lib/x86_64-linux-gnu/libatspi.so.0.0.1
7fb20905d000-7fb209060000 r--p 00032000 08:05 9575751                    /usr/lib/x86_64-linux-gnu/libatspi.so.0.0.1
7fb209060000-7fb209061000 rw-p 00035000 08:05 9575751                    /usr/lib/x86_64-linux-gnu/libatspi.so.0.0.1
7fb209061000-7fb20906c000 r--p 00000000 08:05 9575922                    /usr/lib/x86_64-linux-gnu/libdbus-1.so.3.19.11
7fb20906c000-7fb20909a000 r-xp 0000b000 08:05 9575922                    /usr/lib/x86_64-linux-gnu/libdbus-1.so.3.19.11
7fb20909a000-7fb2090af000 r--p 00039000 08:05 9575922                    /usr/lib/x86_64-linux-gnu/libdbus-1.so.3.19.11
7fb2090af000-7fb2090b0000 ---p 0004e000 08:05 9575922                    /usr/lib/x86_64-linux-gnu/libdbus-1.so.3.19.11
7fb2090b0000-7fb2090b1000 r--p 0004e000 08:05 9575922                    /usr/lib/x86_64-linux-gnu/libdbus-1.so.3.19.11
7fb2090b1000-7fb2090b2000 rw-p 0004f000 08:05 9575922                    /usr/lib/x86_64-linux-gnu/libdbus-1.so.3.19.11
7fb2090b2000-7fb2090ce000 r--p 00000000 08:05 9574579                    /usr/lib/x86_64-linux-gnu/libglib-2.0.so.0.6400.6
7fb2090ce000-7fb209152000 r-xp 0001c000 08:05 9574579                    /usr/lib/x86_64-linux-gnu/libglib-2.0.so.0.6400.6
7fb209152000-7fb2091d8000 r--p 000a0000 08:05 9574579                    /usr/lib/x86_64-linux-gnu/libglib-2.0.so.0.6400.6
7fb2091d8000-7fb2091d9000 r--p 00125000 08:05 9574579                    /usr/lib/x86_64-linux-gnu/libglib-2.0.so.0.6400.6
7fb2091d9000-7fb2091da000 rw-p 00126000 08:05 9574579                    /usr/lib/x86_64-linux-gnu/libglib-2.0.so.0.6400.6
7fb2091da000-7fb2091db000 rw-p 00000000 00:00 0 
7fb2091db000-7fb2091e9000 r--p 00000000 08:05 9574583                    /usr/lib/x86_64-linux-gnu/libgobject-2.0.so.0.6400.6
7fb2091e9000-7fb20921f000 r-xp 0000e000 08:05 9574583                    /usr/lib/x86_64-linux-gnu/libgobject-2.0.so.0.6400.6
7fb20921f000-7fb209237000 r--p 00044000 08:05 9574583                    /usr/lib/x86_64-linux-gnu/libgobject-2.0.so.0.6400.6
7fb209237000-7fb20923a000 r--p 0005b000 08:05 9574583                    /usr/lib/x86_64-linux-gnu/libgobject-2.0.so.0.6400.6
7fb20923a000-7fb20923b000 rw-p 0005e000 08:05 9574583                    /usr/lib/x86_64-linux-gnu/libgobject-2.0.so.0.6400.6
7fb20923b000-7fb209247000 r--p 00000000 08:05 9575743                    /usr/lib/x86_64-linux-gnu/libatk-bridge-2.0.so.0.0.0
7fb209247000-7fb209260000 r-xp 0000c000 08:05 9575743                    /usr/lib/x86_64-linux-gnu/libatk-bridge-2.0.so.0.0.0
7fb209260000-7fb20926e000 r--p 00025000 08:05 9575743                    /usr/lib/x86_64-linux-gnu/libatk-bridge-2.0.so.0.0.0
7fb20926e000-7fb20926f000 ---p 00033000 08:05 9575743                    /usr/lib/x86_64-linux-gnu/libatk-bridge-2.0.so.0.0.0
7fb20926f000-7fb209270000 r--p 00033000 08:05 9575743                    /usr/lib/x86_64-linux-gnu/libatk-bridge-2.0.so.0.0.0
7fb209270000-7fb209271000 rw-p 00034000 08:05 9575743                    /usr/lib/x86_64-linux-gnu/libatk-bridge-2.0.so.0.0.0
7fb209271000-7fb209272000 rw-p 00000000 00:00 0 
7fb209272000-7fb20927d000 r--p 00000000 08:05 9575741                    /usr/lib/x86_64-linux-gnu/libatk-1.0.so.0.23510.1
7fb20927d000-7fb20928c000 r-xp 0000b000 08:05 9575741                    /usr/lib/x86_64-linux-gnu/libatk-1.0.so.0.23510.1
7fb20928c000-7fb209298000 r--p 0001a000 08:05 9575741                    /usr/lib/x86_64-linux-gnu/libatk-1.0.so.0.23510.1
7fb209298000-7fb20929b000 r--p 00025000 08:05 9575741                    /usr/lib/x86_64-linux-gnu/libatk-1.0.so.0.23510.1
7fb20929b000-7fb20929c000 rw-p 00028000 08:05 9575741                    /usr/lib/x86_64-linux-gnu/libatk-1.0.so.0.23510.1
7fb20929c000-7fb2092a1000 r--p 00000000 08:05 11671600                   /usr/lib/x86_64-linux-gnu/jni/libatk-wrapper.so
7fb2092a1000-7fb2092ba000 r-xp 00005000 08:05 11671600                   /usr/lib/x86_64-linux-gnu/jni/libatk-wrapper.so
7fb2092ba000-7fb2092c4000 r--p 0001e000 08:05 11671600                   /usr/lib/x86_64-linux-gnu/jni/libatk-wrapper.so
7fb2092c4000-7fb2092c5000 ---p 00028000 08:05 11671600                   /usr/lib/x86_64-linux-gnu/jni/libatk-wrapper.so
7fb2092c5000-7fb2092c6000 r--p 00028000 08:05 11671600                   /usr/lib/x86_64-linux-gnu/jni/libatk-wrapper.so
7fb2092c6000-7fb2092c7000 rw-p 00029000 08:05 11671600                   /usr/lib/x86_64-linux-gnu/jni/libatk-wrapper.so
7fb2092c7000-7fb2092ca000 ---p 00000000 00:00 0 
7fb2092ca000-7fb209300000 rw-p 00000000 00:00 0 
7fb209300000-7fb209303000 ---p 00000000 00:00 0 
7fb209303000-7fb209401000 rw-p 00000000 00:00 0 
7fb209401000-7fb209403000 r--p 00000000 08:05 9575664                    /usr/lib/x86_64-linux-gnu/libXfixes.so.3.1.0
7fb209403000-7fb209406000 r-xp 00002000 08:05 9575664                    /usr/lib/x86_64-linux-gnu/libXfixes.so.3.1.0
7fb209406000-7fb209407000 r--p 00005000 08:05 9575664                    /usr/lib/x86_64-linux-gnu/libXfixes.so.3.1.0
7fb209407000-7fb209408000 r--p 00005000 08:05 9575664                    /usr/lib/x86_64-linux-gnu/libXfixes.so.3.1.0
7fb209408000-7fb209409000 rw-p 00006000 08:05 9575664                    /usr/lib/x86_64-linux-gnu/libXfixes.so.3.1.0
7fb209409000-7fb20940c000 ---p 00000000 00:00 0 
7fb20940c000-7fb20950a000 rw-p 00000000 00:00 0 
7fb20950a000-7fb20950f000 r--p 00000000 08:05 9576704                    /usr/lib/x86_64-linux-gnu/libpng16.so.16.37.0
7fb20950f000-7fb209534000 r-xp 00005000 08:05 9576704                    /usr/lib/x86_64-linux-gnu/libpng16.so.16.37.0
7fb209534000-7fb209540000 r--p 0002a000 08:05 9576704                    /usr/lib/x86_64-linux-gnu/libpng16.so.16.37.0
7fb209540000-7fb209541000 r--p 00035000 08:05 9576704                    /usr/lib/x86_64-linux-gnu/libpng16.so.16.37.0
7fb209541000-7fb209542000 rw-p 00036000 08:05 9576704                    /usr/lib/x86_64-linux-gnu/libpng16.so.16.37.0
7fb209542000-7fb20954e000 r--p 00000000 08:05 9576083                    /usr/lib/x86_64-linux-gnu/libfreetype.so.6.17.1
7fb20954e000-7fb2095ce000 r-xp 0000c000 08:05 9576083                    /usr/lib/x86_64-linux-gnu/libfreetype.so.6.17.1
7fb2095ce000-7fb2095f8000 r--p 0008c000 08:05 9576083                    /usr/lib/x86_64-linux-gnu/libfreetype.so.6.17.1
7fb2095f8000-7fb2095f9000 ---p 000b6000 08:05 9576083                    /usr/lib/x86_64-linux-gnu/libfreetype.so.6.17.1
7fb2095f9000-7fb209600000 r--p 000b6000 08:05 9576083                    /usr/lib/x86_64-linux-gnu/libfreetype.so.6.17.1
7fb209600000-7fb209601000 rw-p 000bd000 08:05 9576083                    /usr/lib/x86_64-linux-gnu/libfreetype.so.6.17.1
7fb209615000-7fb209619000 r--p 00000000 08:05 11667981                   /usr/lib/jvm/java-8-openjdk-amd64/jre/lib/amd64/libmanagement.so
7fb209619000-7fb20961d000 r-xp 00004000 08:05 11667981                   /usr/lib/jvm/java-8-openjdk-amd64/jre/lib/amd64/libmanagement.so
7fb20961d000-7fb20961f000 r--p 00008000 08:05 11667981                   /usr/lib/jvm/java-8-openjdk-amd64/jre/lib/amd64/libmanagement.so
7fb20961f000-7fb209620000 r--p 00009000 08:05 11667981                   /usr/lib/jvm/java-8-openjdk-amd64/jre/lib/amd64/libmanagement.so
7fb209620000-7fb209621000 rw-p 0000a000 08:05 11667981                   /usr/lib/jvm/java-8-openjdk-amd64/jre/lib/amd64/libmanagement.so
7fb209621000-7fb209628000 r--p 00000000 08:05 11667951                   /usr/lib/jvm/java-8-openjdk-amd64/jre/lib/amd64/libfontmanager.so
7fb209628000-7fb209657000 r-xp 00007000 08:05 11667951                   /usr/lib/jvm/java-8-openjdk-amd64/jre/lib/amd64/libfontmanager.so
7fb209657000-7fb209673000 r--p 00036000 08:05 11667951                   /usr/lib/jvm/java-8-openjdk-amd64/jre/lib/amd64/libfontmanager.so
7fb209673000-7fb209674000 ---p 00052000 08:05 11667951                   /usr/lib/jvm/java-8-openjdk-amd64/jre/lib/amd64/libfontmanager.so
7fb209674000-7fb209676000 r--p 00052000 08:05 11667951                   /usr/lib/jvm/java-8-openjdk-amd64/jre/lib/amd64/libfontmanager.so
7fb209676000-7fb209677000 rw-p 00054000 08:05 11667951                   /usr/lib/jvm/java-8-openjdk-amd64/jre/lib/amd64/libfontmanager.so
7fb209677000-7fb20967b000 r--p 00000000 08:05 9575816                    /usr/lib/x86_64-linux-gnu/libbsd.so.0.10.0
7fb20967b000-7fb20968a000 r-xp 00004000 08:05 9575816                    /usr/lib/x86_64-linux-gnu/libbsd.so.0.10.0
7fb20968a000-7fb20968d000 r--p 00013000 08:05 9575816                    /usr/lib/x86_64-linux-gnu/libbsd.so.0.10.0
7fb20968d000-7fb20968e000 ---p 00016000 08:05 9575816                    /usr/lib/x86_64-linux-gnu/libbsd.so.0.10.0
7fb20968e000-7fb20968f000 r--p 00016000 08:05 9575816                    /usr/lib/x86_64-linux-gnu/libbsd.so.0.10.0
7fb20968f000-7fb209690000 rw-p 00017000 08:05 9575816                    /usr/lib/x86_64-linux-gnu/libbsd.so.0.10.0
7fb209690000-7fb209691000 rw-p 00000000 00:00 0 
7fb209691000-7fb209693000 r--p 00000000 08:05 9575660                    /usr/lib/x86_64-linux-gnu/libXdmcp.so.6.0.0
7fb209693000-7fb209695000 r-xp 00002000 08:05 9575660                    /usr/lib/x86_64-linux-gnu/libXdmcp.so.6.0.0
7fb209695000-7fb209697000 r--p 00004000 08:05 9575660                    /usr/lib/x86_64-linux-gnu/libXdmcp.so.6.0.0
7fb209697000-7fb209698000 r--p 00005000 08:05 9575660                    /usr/lib/x86_64-linux-gnu/libXdmcp.so.6.0.0
7fb209698000-7fb209699000 rw-p 00006000 08:05 9575660                    /usr/lib/x86_64-linux-gnu/libXdmcp.so.6.0.0
7fb209699000-7fb2096a4000 r--p 00000000 08:05 9577122                    /usr/lib/x86_64-linux-gnu/libxcb.so.1.1.0
7fb2096a4000-7fb2096b8000 r-xp 0000b000 08:05 9577122                    /usr/lib/x86_64-linux-gnu/libxcb.so.1.1.0
7fb2096b8000-7fb2096c1000 r--p 0001f000 08:05 9577122                    /usr/lib/x86_64-linux-gnu/libxcb.so.1.1.0
7fb2096c1000-7fb2096c2000 r--p 00027000 08:05 9577122                    /usr/lib/x86_64-linux-gnu/libxcb.so.1.1.0
7fb2096c2000-7fb2096c3000 rw-p 00028000 08:05 9577122                    /usr/lib/x86_64-linux-gnu/libxcb.so.1.1.0
7fb2096c3000-7fb2096c5000 r--p 00000000 08:05 9575670                    /usr/lib/x86_64-linux-gnu/libXi.so.6.1.0
7fb2096c5000-7fb2096d0000 r-xp 00002000 08:05 9575670                    /usr/lib/x86_64-linux-gnu/libXi.so.6.1.0
7fb2096d0000-7fb2096d3000 r--p 0000d000 08:05 9575670                    /usr/lib/x86_64-linux-gnu/libXi.so.6.1.0
7fb2096d3000-7fb2096d4000 r--p 0000f000 08:05 9575670                    /usr/lib/x86_64-linux-gnu/libXi.so.6.1.0
7fb2096d4000-7fb2096d5000 rw-p 00010000 08:05 9575670                    /usr/lib/x86_64-linux-gnu/libXi.so.6.1.0
7fb2096d5000-7fb2096da000 r-xp 00000000 08:05 9575688                    /usr/lib/x86_64-linux-gnu/libXtst.so.6.1.0
7fb2096da000-7fb2098d9000 ---p 00005000 08:05 9575688                    /usr/lib/x86_64-linux-gnu/libXtst.so.6.1.0
7fb2098d9000-7fb2098da000 r--p 00004000 08:05 9575688                    /usr/lib/x86_64-linux-gnu/libXtst.so.6.1.0
7fb2098da000-7fb2098db000 rw-p 00005000 08:05 9575688                    /usr/lib/x86_64-linux-gnu/libXtst.so.6.1.0
7fb2098db000-7fb2098e4000 r-xp 00000000 08:05 9575682                    /usr/lib/x86_64-linux-gnu/libXrender.so.1.3.0
7fb2098e4000-7fb209ae3000 ---p 00009000 08:05 9575682                    /usr/lib/x86_64-linux-gnu/libXrender.so.1.3.0
7fb209ae3000-7fb209ae4000 r--p 00008000 08:05 9575682                    /usr/lib/x86_64-linux-gnu/libXrender.so.1.3.0
7fb209ae4000-7fb209ae5000 rw-p 00009000 08:05 9575682                    /usr/lib/x86_64-linux-gnu/libXrender.so.1.3.0
7fb209ae5000-7fb209afd000 r--p 00000000 08:05 9574597                    /usr/lib/x86_64-linux-gnu/libX11.so.6.3.0
7fb209afd000-7fb209b88000 r-xp 00018000 08:05 9574597                    /usr/lib/x86_64-linux-gnu/libX11.so.6.3.0
7fb209b88000-7fb209c1c000 r--p 000a3000 08:05 9574597                    /usr/lib/x86_64-linux-gnu/libX11.so.6.3.0
7fb209c1c000-7fb209c1d000 ---p 00137000 08:05 9574597                    /usr/lib/x86_64-linux-gnu/libX11.so.6.3.0
7fb209c1d000-7fb209c1e000 r--p 00137000 08:05 9574597                    /usr/lib/x86_64-linux-gnu/libX11.so.6.3.0
7fb209c1e000-7fb209c22000 rw-p 00138000 08:05 9574597                    /usr/lib/x86_64-linux-gnu/libX11.so.6.3.0
7fb209c22000-7fb209c26000 r--p 00000000 08:05 9575662                    /usr/lib/x86_64-linux-gnu/libXext.so.6.4.0
7fb209c26000-7fb209c31000 r-xp 00004000 08:05 9575662                    /usr/lib/x86_64-linux-gnu/libXext.so.6.4.0
7fb209c31000-7fb209c35000 r--p 0000f000 08:05 9575662                    /usr/lib/x86_64-linux-gnu/libXext.so.6.4.0
7fb209c35000-7fb209c36000 r--p 00012000 08:05 9575662                    /usr/lib/x86_64-linux-gnu/libXext.so.6.4.0
7fb209c36000-7fb209c37000 rw-p 00013000 08:05 9575662                    /usr/lib/x86_64-linux-gnu/libXext.so.6.4.0
7fb209c38000-7fb209c3b000 r--p 00000000 08:05 9575656                    /usr/lib/x86_64-linux-gnu/libXcursor.so.1.0.2
7fb209c3b000-7fb209c41000 r-xp 00003000 08:05 9575656                    /usr/lib/x86_64-linux-gnu/libXcursor.so.1.0.2
7fb209c41000-7fb209c43000 r--p 00009000 08:05 9575656                    /usr/lib/x86_64-linux-gnu/libXcursor.so.1.0.2
7fb209c43000-7fb209c44000 r--p 0000a000 08:05 9575656                    /usr/lib/x86_64-linux-gnu/libXcursor.so.1.0.2
7fb209c44000-7fb209c45000 rw-p 0000b000 08:05 9575656                    /usr/lib/x86_64-linux-gnu/libXcursor.so.1.0.2
7fb209c45000-7fb209c57000 r--s 0034c000 08:05 11668031                   /usr/lib/jvm/java-8-openjdk-amd64/jre/lib/resources.jar
7fb209c57000-7fb209c67000 r--p 00000000 08:05 11667949                   /usr/lib/jvm/java-8-openjdk-amd64/jre/lib/amd64/libawt_xawt.so
7fb209c67000-7fb209ca4000 r-xp 00010000 08:05 11667949                   /usr/lib/jvm/java-8-openjdk-amd64/jre/lib/amd64/libawt_xawt.so
7fb209ca4000-7fb209cb5000 r--p 0004d000 08:05 11667949                   /usr/lib/jvm/java-8-openjdk-amd64/jre/lib/amd64/libawt_xawt.so
7fb209cb5000-7fb209cb6000 r--p 0005d000 08:05 11667949                   /usr/lib/jvm/java-8-openjdk-amd64/jre/lib/amd64/libawt_xawt.so
7fb209cb6000-7fb209cb9000 rw-p 0005e000 08:05 11667949                   /usr/lib/jvm/java-8-openjdk-amd64/jre/lib/amd64/libawt_xawt.so
7fb209cb9000-7fb209cbb000 rw-p 00000000 00:00 0 
7fb209cbb000-7fb209ce8000 r--p 00000000 08:05 11667947                   /usr/lib/jvm/java-8-openjdk-amd64/jre/lib/amd64/libawt.so
7fb209ce8000-7fb209d52000 r-xp 0002d000 08:05 11667947                   /usr/lib/jvm/java-8-openjdk-amd64/jre/lib/amd64/libawt.so
7fb209d52000-7fb209d5e000 r--p 00097000 08:05 11667947                   /usr/lib/jvm/java-8-openjdk-amd64/jre/lib/amd64/libawt.so
7fb209d5e000-7fb209d5f000 ---p 000a3000 08:05 11667947                   /usr/lib/jvm/java-8-openjdk-amd64/jre/lib/amd64/libawt.so
7fb209d5f000-7fb209d60000 r--p 000a3000 08:05 11667947                   /usr/lib/jvm/java-8-openjdk-amd64/jre/lib/amd64/libawt.so
7fb209d60000-7fb209d6b000 rw-p 000a4000 08:05 11667947                   /usr/lib/jvm/java-8-openjdk-amd64/jre/lib/amd64/libawt.so
7fb209d6b000-7fb209dc1000 rw-p 00000000 00:00 0 
7fb209dc1000-7fb209dc6000 r--p 00000000 08:05 11667983                   /usr/lib/jvm/java-8-openjdk-amd64/jre/lib/amd64/libnet.so
7fb209dc6000-7fb209dd7000 r-xp 00005000 08:05 11667983                   /usr/lib/jvm/java-8-openjdk-amd64/jre/lib/amd64/libnet.so
7fb209dd7000-7fb209ddb000 r--p 00016000 08:05 11667983                   /usr/lib/jvm/java-8-openjdk-amd64/jre/lib/amd64/libnet.so
7fb209ddb000-7fb209ddc000 r--p 00019000 08:05 11667983                   /usr/lib/jvm/java-8-openjdk-amd64/jre/lib/amd64/libnet.so
7fb209ddc000-7fb209ddd000 rw-p 0001a000 08:05 11667983                   /usr/lib/jvm/java-8-openjdk-amd64/jre/lib/amd64/libnet.so
7fb209ddd000-7fb209de4000 r--p 00000000 08:05 11667985                   /usr/lib/jvm/java-8-openjdk-amd64/jre/lib/amd64/libnio.so
7fb209de4000-7fb209ded000 r-xp 00007000 08:05 11667985                   /usr/lib/jvm/java-8-openjdk-amd64/jre/lib/amd64/libnio.so
7fb209ded000-7fb209df0000 r--p 00010000 08:05 11667985                   /usr/lib/jvm/java-8-openjdk-amd64/jre/lib/amd64/libnio.so
7fb209df0000-7fb209df1000 r--p 00012000 08:05 11667985                   /usr/lib/jvm/java-8-openjdk-amd64/jre/lib/amd64/libnio.so
7fb209df1000-7fb209df2000 rw-p 00013000 08:05 11667985                   /usr/lib/jvm/java-8-openjdk-amd64/jre/lib/amd64/libnio.so
7fb209df2000-7fb209e0d000 r--s 001d6000 08:05 11668008                   /usr/lib/jvm/java-8-openjdk-amd64/jre/lib/ext/nashorn.jar
7fb209e0d000-7fb209e0e000 ---p 00000000 00:00 0 
7fb209e0e000-7fb209f0e000 rw-p 00000000 00:00 0 
7fb209f0e000-7fb209f11000 ---p 00000000 00:00 0 
7fb209f11000-7fb20a00f000 rw-p 00000000 00:00 0 
7fb20a00f000-7fb20a010000 ---p 00000000 00:00 0 
7fb20a010000-7fb20a013000 ---p 00000000 00:00 0 
7fb20a013000-7fb20a110000 rw-p 00000000 00:00 0 
7fb20a110000-7fb20a111000 ---p 00000000 00:00 0 
7fb20a111000-7fb20a114000 ---p 00000000 00:00 0 
7fb20a114000-7fb20a211000 rw-p 00000000 00:00 0 
7fb20a211000-7fb20a212000 ---p 00000000 00:00 0 
7fb20a212000-7fb20a215000 ---p 00000000 00:00 0 
7fb20a215000-7fb20a312000 rw-p 00000000 00:00 0 
7fb20a312000-7fb20a315000 ---p 00000000 00:00 0 
7fb20a315000-7fb20a413000 rw-p 00000000 00:00 0 
7fb20a413000-7fb20b1f2000 r--p 00000000 08:05 9574906                    /usr/lib/locale/locale-archive
7fb20b1f2000-7fb20b1f5000 ---p 00000000 00:00 0 
7fb20b1f5000-7fb20b2f3000 rw-p 00000000 00:00 0 
7fb20b2f3000-7fb20b2f6000 ---p 00000000 00:00 0 
7fb20b2f6000-7fb20b3f4000 rw-p 00000000 00:00 0 
7fb20b3f4000-7fb20b3f5000 ---p 00000000 00:00 0 
7fb20b3f5000-7fb20c000000 rw-p 00000000 00:00 0 
7fb20c000000-7fb20c021000 rw-p 00000000 00:00 0 
7fb20c021000-7fb210000000 ---p 00000000 00:00 0 
7fb210000000-7fb210021000 rw-p 00000000 00:00 0 
7fb210021000-7fb214000000 ---p 00000000 00:00 0 
7fb214000000-7fb214021000 rw-p 00000000 00:00 0 
7fb214021000-7fb218000000 ---p 00000000 00:00 0 
7fb218005000-7fb218006000 r--p 00000000 08:05 9575649                    /usr/lib/x86_64-linux-gnu/libXau.so.6.0.0
7fb218006000-7fb218008000 r-xp 00001000 08:05 9575649                    /usr/lib/x86_64-linux-gnu/libXau.so.6.0.0
7fb218008000-7fb218009000 r--p 00003000 08:05 9575649                    /usr/lib/x86_64-linux-gnu/libXau.so.6.0.0
7fb218009000-7fb21800a000 r--p 00003000 08:05 9575649                    /usr/lib/x86_64-linux-gnu/libXau.so.6.0.0
7fb21800a000-7fb21800b000 rw-p 00004000 08:05 9575649                    /usr/lib/x86_64-linux-gnu/libXau.so.6.0.0
7fb21800b000-7fb21800f000 r--s 00041000 08:05 11668011                   /usr/lib/jvm/java-8-openjdk-amd64/jre/lib/ext/sunpkcs11.jar
7fb21800f000-7fb21801a000 r--s 00116000 08:05 11668007                   /usr/lib/jvm/java-8-openjdk-amd64/jre/lib/ext/localedata.jar
7fb21801a000-7fb218035000 r--s 00394000 08:05 11668003                   /usr/lib/jvm/java-8-openjdk-amd64/jre/lib/ext/cldrdata.jar
7fb218035000-7fb2189b7000 rw-p 00000000 00:00 0 
7fb2189b7000-7fb218a37000 ---p 00000000 00:00 0 
7fb218a37000-7fb219000000 rw-p 00000000 00:00 0 
7fb219000000-7fb219270000 rwxp 00000000 00:00 0 
7fb219270000-7fb228000000 ---p 00000000 00:00 0 
7fb228000000-7fb22831a000 rw-p 00000000 00:00 0 
7fb22831a000-7fb22c000000 ---p 00000000 00:00 0 
7fb22c002000-7fb22c2f7000 rw-p 00000000 00:00 0 
7fb22c2f7000-7fb22c4c9000 r--s 03cab000 08:05 11668032                   /usr/lib/jvm/java-8-openjdk-amd64/jre/lib/rt.jar
7fb22c4c9000-7fb22c5fc000 rw-p 00000000 00:00 0 
7fb22c5fc000-7fb22c5fd000 ---p 00000000 00:00 0 
7fb22c5fd000-7fb22c6fd000 rw-p 00000000 00:00 0 
7fb22c6fd000-7fb22c6fe000 ---p 00000000 00:00 0 
7fb22c6fe000-7fb22c7fe000 rw-p 00000000 00:00 0 
7fb22c7fe000-7fb22c7ff000 ---p 00000000 00:00 0 
7fb22c7ff000-7fb22c8ff000 rw-p 00000000 00:00 0 
7fb22c8ff000-7fb22c900000 ---p 00000000 00:00 0 
7fb22c900000-7fb22ca3e000 rw-p 00000000 00:00 0 
7fb22ca3e000-7fb22cddc000 ---p 00000000 00:00 0 
7fb22cddc000-7fb22ce1a000 rw-p 00000000 00:00 0 
7fb22ce1a000-7fb22d1b7000 ---p 00000000 00:00 0 
7fb22d1b7000-7fb22d1d7000 rw-p 00000000 00:00 0 
7fb22d1d7000-7fb22d3a5000 ---p 00000000 00:00 0 
7fb22d3a5000-7fb22d3b0000 rw-p 00000000 00:00 0 
7fb22d3b0000-7fb22d766000 ---p 00000000 00:00 0 
7fb22d766000-7fb22d769000 r--p 00000000 08:05 9576586                    /usr/lib/x86_64-linux-gnu/libnss_files-2.31.so
7fb22d769000-7fb22d770000 r-xp 00003000 08:05 9576586                    /usr/lib/x86_64-linux-gnu/libnss_files-2.31.so
7fb22d770000-7fb22d772000 r--p 0000a000 08:05 9576586                    /usr/lib/x86_64-linux-gnu/libnss_files-2.31.so
7fb22d772000-7fb22d773000 r--p 0000b000 08:05 9576586                    /usr/lib/x86_64-linux-gnu/libnss_files-2.31.so
7fb22d773000-7fb22d774000 rw-p 0000c000 08:05 9576586                    /usr/lib/x86_64-linux-gnu/libnss_files-2.31.so
7fb22d774000-7fb22d77a000 rw-p 00000000 00:00 0 
7fb22d77a000-7fb22d780000 r--s 0003d000 08:05 11668010                   /usr/lib/jvm/java-8-openjdk-amd64/jre/lib/ext/sunjce_provider.jar
7fb22d780000-7fb22d783000 r--s 0000f000 08:05 11668005                   /usr/lib/jvm/java-8-openjdk-amd64/jre/lib/ext/icedtea-sound.jar
7fb22d783000-7fb22d784000 r--s 0000a000 08:05 11668006                   /usr/lib/jvm/java-8-openjdk-amd64/jre/lib/ext/jaccess.jar
7fb22d784000-7fb22d786000 r--s 00001000 08:05 11668004                   /usr/lib/jvm/java-8-openjdk-amd64/jre/lib/ext/dnsns.jar
7fb22d786000-7fb22d788000 r--s 00008000 08:05 11668009                   /usr/lib/jvm/java-8-openjdk-amd64/jre/lib/ext/sunec.jar
7fb22d788000-7fb22d78e000 r--s 000d3000 08:05 11668026                   /usr/lib/jvm/java-8-openjdk-amd64/jre/lib/jfr.jar
7fb22d78e000-7fb22d791000 r--p 00000000 08:05 11667992                   /usr/lib/jvm/java-8-openjdk-amd64/jre/lib/amd64/libzip.so
7fb22d791000-7fb22d796000 r-xp 00003000 08:05 11667992                   /usr/lib/jvm/java-8-openjdk-amd64/jre/lib/amd64/libzip.so
7fb22d796000-7fb22d798000 r--p 00008000 08:05 11667992                   /usr/lib/jvm/java-8-openjdk-amd64/jre/lib/amd64/libzip.so
7fb22d798000-7fb22d799000 r--p 00009000 08:05 11667992                   /usr/lib/jvm/java-8-openjdk-amd64/jre/lib/amd64/libzip.so
7fb22d799000-7fb22d79a000 rw-p 0000a000 08:05 11667992                   /usr/lib/jvm/java-8-openjdk-amd64/jre/lib/amd64/libzip.so
7fb22d79a000-7fb22d7a7000 r--p 00000000 08:05 11667958                   /usr/lib/jvm/java-8-openjdk-amd64/jre/lib/amd64/libjava.so
7fb22d7a7000-7fb22d7bf000 r-xp 0000d000 08:05 11667958                   /usr/lib/jvm/java-8-openjdk-amd64/jre/lib/amd64/libjava.so
7fb22d7bf000-7fb22d7c6000 r--p 00025000 08:05 11667958                   /usr/lib/jvm/java-8-openjdk-amd64/jre/lib/amd64/libjava.so
7fb22d7c6000-7fb22d7c7000 r--p 0002b000 08:05 11667958                   /usr/lib/jvm/java-8-openjdk-amd64/jre/lib/amd64/libjava.so
7fb22d7c7000-7fb22d7c9000 rw-p 0002c000 08:05 11667958                   /usr/lib/jvm/java-8-openjdk-amd64/jre/lib/amd64/libjava.so
7fb22d7c9000-7fb22d7cc000 r--p 00000000 08:05 9576788                    /usr/lib/x86_64-linux-gnu/librt-2.31.so
7fb22d7cc000-7fb22d7d0000 r-xp 00003000 08:05 9576788                    /usr/lib/x86_64-linux-gnu/librt-2.31.so
7fb22d7d0000-7fb22d7d1000 r--p 00007000 08:05 9576788                    /usr/lib/x86_64-linux-gnu/librt-2.31.so
7fb22d7d1000-7fb22d7d2000 ---p 00008000 08:05 9576788                    /usr/lib/x86_64-linux-gnu/librt-2.31.so
7fb22d7d2000-7fb22d7d3000 r--p 00008000 08:05 9576788                    /usr/lib/x86_64-linux-gnu/librt-2.31.so
7fb22d7d3000-7fb22d7d4000 rw-p 00009000 08:05 9576788                    /usr/lib/x86_64-linux-gnu/librt-2.31.so
7fb22d7d4000-7fb22d7d5000 ---p 00000000 00:00 0 
7fb22d7d5000-7fb22d7d8000 ---p 00000000 00:00 0 
7fb22d7d8000-7fb22d8d5000 rw-p 00000000 00:00 0 
7fb22d8d5000-7fb22d8d8000 r--p 00000000 08:05 9573678                    /usr/lib/x86_64-linux-gnu/libgcc_s.so.1
7fb22d8d8000-7fb22d8ea000 r-xp 00003000 08:05 9573678                    /usr/lib/x86_64-linux-gnu/libgcc_s.so.1
7fb22d8ea000-7fb22d8ee000 r--p 00015000 08:05 9573678                    /usr/lib/x86_64-linux-gnu/libgcc_s.so.1
7fb22d8ee000-7fb22d8ef000 r--p 00018000 08:05 9573678                    /usr/lib/x86_64-linux-gnu/libgcc_s.so.1
7fb22d8ef000-7fb22d8f0000 rw-p 00019000 08:05 9573678                    /usr/lib/x86_64-linux-gnu/libgcc_s.so.1
7fb22d8f0000-7fb22d8ff000 r--p 00000000 08:05 9576462                    /usr/lib/x86_64-linux-gnu/libm-2.31.so
7fb22d8ff000-7fb22d9a6000 r-xp 0000f000 08:05 9576462                    /usr/lib/x86_64-linux-gnu/libm-2.31.so
7fb22d9a6000-7fb22da3d000 r--p 000b6000 08:05 9576462                    /usr/lib/x86_64-linux-gnu/libm-2.31.so
7fb22da3d000-7fb22da3e000 r--p 0014c000 08:05 9576462                    /usr/lib/x86_64-linux-gnu/libm-2.31.so
7fb22da3e000-7fb22da3f000 rw-p 0014d000 08:05 9576462                    /usr/lib/x86_64-linux-gnu/libm-2.31.so
7fb22da3f000-7fb22dad5000 r--p 00000000 08:05 9573679                    /usr/lib/x86_64-linux-gnu/libstdc++.so.6.0.28
7fb22dad5000-7fb22dbc6000 r-xp 00096000 08:05 9573679                    /usr/lib/x86_64-linux-gnu/libstdc++.so.6.0.28
7fb22dbc6000-7fb22dc0f000 r--p 00187000 08:05 9573679                    /usr/lib/x86_64-linux-gnu/libstdc++.so.6.0.28
7fb22dc0f000-7fb22dc10000 ---p 001d0000 08:05 9573679                    /usr/lib/x86_64-linux-gnu/libstdc++.so.6.0.28
7fb22dc10000-7fb22dc1b000 r--p 001d0000 08:05 9573679                    /usr/lib/x86_64-linux-gnu/libstdc++.so.6.0.28
7fb22dc1b000-7fb22dc1e000 rw-p 001db000 08:05 9573679                    /usr/lib/x86_64-linux-gnu/libstdc++.so.6.0.28
7fb22dc1e000-7fb22dc21000 rw-p 00000000 00:00 0 
7fb22dc21000-7fb22de16000 r--p 00000000 08:05 11667994                   /usr/lib/jvm/java-8-openjdk-amd64/jre/lib/amd64/server/libjvm.so
7fb22de16000-7fb22e77f000 r-xp 001f5000 08:05 11667994                   /usr/lib/jvm/java-8-openjdk-amd64/jre/lib/amd64/server/libjvm.so
7fb22e77f000-7fb22e931000 r--p 00b5e000 08:05 11667994                   /usr/lib/jvm/java-8-openjdk-amd64/jre/lib/amd64/server/libjvm.so
7fb22e931000-7fb22e9c7000 r--p 00d0f000 08:05 11667994                   /usr/lib/jvm/java-8-openjdk-amd64/jre/lib/amd64/server/libjvm.so
7fb22e9c7000-7fb22e9f0000 rw-p 00da5000 08:05 11667994                   /usr/lib/jvm/java-8-openjdk-amd64/jre/lib/amd64/server/libjvm.so
7fb22e9f0000-7fb22ea25000 rw-p 00000000 00:00 0 
7fb22ea25000-7fb22ea2c000 r--p 00000000 08:05 9576727                    /usr/lib/x86_64-linux-gnu/libpthread-2.31.so
7fb22ea2c000-7fb22ea3d000 r-xp 00007000 08:05 9576727                    /usr/lib/x86_64-linux-gnu/libpthread-2.31.so
7fb22ea3d000-7fb22ea42000 r--p 00018000 08:05 9576727                    /usr/lib/x86_64-linux-gnu/libpthread-2.31.so
7fb22ea42000-7fb22ea43000 r--p 0001c000 08:05 9576727                    /usr/lib/x86_64-linux-gnu/libpthread-2.31.so
7fb22ea43000-7fb22ea44000 rw-p 0001d000 08:05 9576727                    /usr/lib/x86_64-linux-gnu/libpthread-2.31.so
7fb22ea44000-7fb22ea48000 rw-p 00000000 00:00 0 
7fb22ea48000-7fb22ea49000 r--p 00000000 08:05 9575955                    /usr/lib/x86_64-linux-gnu/libdl-2.31.so
7fb22ea49000-7fb22ea4b000 r-xp 00001000 08:05 9575955                    /usr/lib/x86_64-linux-gnu/libdl-2.31.so
7fb22ea4b000-7fb22ea4c000 r--p 00003000 08:05 9575955                    /usr/lib/x86_64-linux-gnu/libdl-2.31.so
7fb22ea4c000-7fb22ea4d000 r--p 00003000 08:05 9575955                    /usr/lib/x86_64-linux-gnu/libdl-2.31.so
7fb22ea4d000-7fb22ea4e000 rw-p 00004000 08:05 9575955                    /usr/lib/x86_64-linux-gnu/libdl-2.31.so
7fb22ea4e000-7fb22ea50000 r--p 00000000 08:05 9577152                    /usr/lib/x86_64-linux-gnu/libz.so.1.2.11
7fb22ea50000-7fb22ea61000 r-xp 00002000 08:05 9577152                    /usr/lib/x86_64-linux-gnu/libz.so.1.2.11
7fb22ea61000-7fb22ea67000 r--p 00013000 08:05 9577152                    /usr/lib/x86_64-linux-gnu/libz.so.1.2.11
7fb22ea67000-7fb22ea68000 ---p 00019000 08:05 9577152                    /usr/lib/x86_64-linux-gnu/libz.so.1.2.11
7fb22ea68000-7fb22ea69000 r--p 00019000 08:05 9577152                    /usr/lib/x86_64-linux-gnu/libz.so.1.2.11
7fb22ea69000-7fb22ea6a000 rw-p 0001a000 08:05 9577152                    /usr/lib/x86_64-linux-gnu/libz.so.1.2.11
7fb22ea6a000-7fb22ea8f000 r--p 00000000 08:05 9575820                    /usr/lib/x86_64-linux-gnu/libc-2.31.so
7fb22ea8f000-7fb22ec07000 r-xp 00025000 08:05 9575820                    /usr/lib/x86_64-linux-gnu/libc-2.31.so
7fb22ec07000-7fb22ec51000 r--p 0019d000 08:05 9575820                    /usr/lib/x86_64-linux-gnu/libc-2.31.so
7fb22ec51000-7fb22ec52000 ---p 001e7000 08:05 9575820                    /usr/lib/x86_64-linux-gnu/libc-2.31.so
7fb22ec52000-7fb22ec55000 r--p 001e7000 08:05 9575820                    /usr/lib/x86_64-linux-gnu/libc-2.31.so
7fb22ec55000-7fb22ec58000 rw-p 001ea000 08:05 9575820                    /usr/lib/x86_64-linux-gnu/libc-2.31.so
7fb22ec58000-7fb22ec5c000 rw-p 00000000 00:00 0 
7fb22ec5c000-7fb22ec5e000 r--s 0000c000 08:05 10360436                   /usr/share/java/java-atk-wrapper.jar
7fb22ec5e000-7fb22ec60000 r--s 00010000 08:05 11668012                   /usr/lib/jvm/java-8-openjdk-amd64/jre/lib/ext/zipfs.jar
7fb22ec60000-7fb22ec68000 rw-s 00000000 08:05 4456724                    /tmp/hsperfdata_mea/92072
7fb22ec68000-7fb22ec69000 rw-p 00000000 00:00 0 
7fb22ec69000-7fb22ec6e000 r--p 00000000 08:05 11667991                   /usr/lib/jvm/java-8-openjdk-amd64/jre/lib/amd64/libverify.so
7fb22ec6e000-7fb22ec77000 r-xp 00005000 08:05 11667991                   /usr/lib/jvm/java-8-openjdk-amd64/jre/lib/amd64/libverify.so
7fb22ec77000-7fb22ec79000 r--p 0000e000 08:05 11667991                   /usr/lib/jvm/java-8-openjdk-amd64/jre/lib/amd64/libverify.so
7fb22ec79000-7fb22ec7b000 r--p 0000f000 08:05 11667991                   /usr/lib/jvm/java-8-openjdk-amd64/jre/lib/amd64/libverify.so
7fb22ec7b000-7fb22ec7c000 rw-p 00011000 08:05 11667991                   /usr/lib/jvm/java-8-openjdk-amd64/jre/lib/amd64/libverify.so
7fb22ec7c000-7fb22ec7f000 r--p 00000000 08:05 11667943                   /usr/lib/jvm/java-8-openjdk-amd64/jre/lib/amd64/jli/libjli.so
7fb22ec7f000-7fb22ec89000 r-xp 00003000 08:05 11667943                   /usr/lib/jvm/java-8-openjdk-amd64/jre/lib/amd64/jli/libjli.so
7fb22ec89000-7fb22ec8c000 r--p 0000d000 08:05 11667943                   /usr/lib/jvm/java-8-openjdk-amd64/jre/lib/amd64/jli/libjli.so
7fb22ec8c000-7fb22ec8d000 r--p 0000f000 08:05 11667943                   /usr/lib/jvm/java-8-openjdk-amd64/jre/lib/amd64/jli/libjli.so
7fb22ec8d000-7fb22ec8e000 rw-p 00010000 08:05 11667943                   /usr/lib/jvm/java-8-openjdk-amd64/jre/lib/amd64/jli/libjli.so
7fb22ec8e000-7fb22ec90000 rw-p 00000000 00:00 0 
7fb22ec90000-7fb22ec91000 r--p 00000000 08:05 9575604                    /usr/lib/x86_64-linux-gnu/ld-2.31.so
7fb22ec91000-7fb22ecb4000 r-xp 00001000 08:05 9575604                    /usr/lib/x86_64-linux-gnu/ld-2.31.so
7fb22ecb4000-7fb22ecbc000 r--p 00024000 08:05 9575604                    /usr/lib/x86_64-linux-gnu/ld-2.31.so
7fb22ecbc000-7fb22ecbd000 r--p 00000000 00:00 0 
7fb22ecbd000-7fb22ecbe000 r--p 0002c000 08:05 9575604                    /usr/lib/x86_64-linux-gnu/ld-2.31.so
7fb22ecbe000-7fb22ecbf000 rw-p 0002d000 08:05 9575604                    /usr/lib/x86_64-linux-gnu/ld-2.31.so
7fb22ecbf000-7fb22ecc0000 rw-p 00000000 00:00 0 
7fff532d4000-7fff532f5000 rw-p 00000000 00:00 0                          [stack]
7fff533ec000-7fff533f0000 r--p 00000000 00:00 0                          [vvar]
7fff533f0000-7fff533f2000 r-xp 00000000 00:00 0                          [vdso]
ffffffffff600000-ffffffffff601000 --xp 00000000 00:00 0                  [vsyscall]

VM Arguments:
jvm_args: -Dfile.encoding=UTF-8 
java_command: awtFormApp.regform
java_class_path (initial): /home/mea/Documents/javaprogs/eclips/awtFormApp/bin:/home/mea/Downloads/JDBC jar/mysql-connector-java-5.1.37/mysql-connector-java-5.1.37-bin.jar
Launcher Type: SUN_STANDARD

Environment Variables:
JAVA_HOME=/usr/lib/jvm/java-8-openjdk-amd64/jre
PATH=/home/mea/.local/bin:/home/mea/bin:/usr/local/sbin:/usr/local/bin:/usr/sbin:/usr/bin:/sbin:/bin:/usr/games:/usr/local/games:/snap/bin:/home/mea/.dotnet/tools:/opt/rocm/bin:/opt/rocm/rocprofiler/bin:/opt/rocm/opencl/bin
USERNAME=mea
SHELL=/bin/bash
DISPLAY=:0

Signal Handlers:
SIGSEGV: [libjvm.so+0xb373b0], sa_mask[0]=11111111011111111101111111111110, sa_flags=SA_RESTART|SA_SIGINFO
SIGBUS: [libjvm.so+0xb373b0], sa_mask[0]=11111111011111111101111111111110, sa_flags=SA_RESTART|SA_SIGINFO
SIGFPE: [libjvm.so+0x97bff0], sa_mask[0]=11111111011111111101111111111110, sa_flags=SA_RESTART|SA_SIGINFO
SIGPIPE: [libjvm.so+0x97bff0], sa_mask[0]=11111111011111111101111111111110, sa_flags=SA_RESTART|SA_SIGINFO
SIGXFSZ: [libjvm.so+0x97bff0], sa_mask[0]=11111111011111111101111111111110, sa_flags=SA_RESTART|SA_SIGINFO
SIGILL: [libjvm.so+0x97bff0], sa_mask[0]=11111111011111111101111111111110, sa_flags=SA_RESTART|SA_SIGINFO
SIGUSR1: SIG_DFL, sa_mask[0]=00000000000000000000000000000000, sa_flags=none
SIGUSR2: [libjvm.so+0x97bea0], sa_mask[0]=00100000000000000000000000000000, sa_flags=SA_RESTART|SA_SIGINFO
SIGHUP: [libjvm.so+0x97c270], sa_mask[0]=11111111011111111101111111111110, sa_flags=SA_RESTART|SA_SIGINFO
SIGINT: [libjvm.so+0x97c270], sa_mask[0]=11111111011111111101111111111110, sa_flags=SA_RESTART|SA_SIGINFO
SIGTERM: [libjvm.so+0x97c270], sa_mask[0]=11111111011111111101111111111110, sa_flags=SA_RESTART|SA_SIGINFO
SIGQUIT: [libjvm.so+0x97c270], sa_mask[0]=11111111011111111101111111111110, sa_flags=SA_RESTART|SA_SIGINFO


---------------  S Y S T E M  ---------------

OS:DISTRIB_ID=Ubuntu
DISTRIB_RELEASE=20.04
DISTRIB_CODENAME=focal
DISTRIB_DESCRIPTION="Ubuntu 20.04.3 LTS"

uname:Linux 5.13.0-25-generic #26~20.04.1-Ubuntu SMP Fri Jan 7 16:27:40 UTC 2022 x86_64
libc:glibc 2.31 NPTL 2.31 
rlimit: STACK 8192k, CORE 0k, NPROC 47040, NOFILE 1048576, AS infinity
load average:1.18 1.03 1.46

/proc/meminfo:
MemTotal:       12130180 kB
MemFree:          223700 kB
MemAvailable:    4521352 kB
Buffers:         1235244 kB
Cached:          3210960 kB
SwapCached:        31848 kB
Active:          4201948 kB
Inactive:        6084940 kB
Active(anon):    1762120 kB
Inactive(anon):  4934032 kB
Active(file):    2439828 kB
Inactive(file):  1150908 kB
Unevictable:      148032 kB
Mlocked:             176 kB
SwapTotal:       2097148 kB
SwapFree:         795108 kB
Dirty:              1232 kB
Writeback:             0 kB
AnonPages:       5960972 kB
Mapped:           438484 kB
Shmem:            858268 kB
KReclaimable:    1032332 kB
Slab:            1243516 kB
SReclaimable:    1032332 kB
SUnreclaim:       211184 kB
KernelStack:       34548 kB
PageTables:        87880 kB
NFS_Unstable:          0 kB
Bounce:                0 kB
WritebackTmp:          0 kB
CommitLimit:     8162236 kB
Committed_AS:   18411496 kB
VmallocTotal:   34359738367 kB
VmallocUsed:       78300 kB
VmallocChunk:          0 kB
Percpu:             6288 kB
HardwareCorrupted:     0 kB
AnonHugePages:         0 kB
ShmemHugePages:        0 kB
ShmemPmdMapped:        0 kB
FileHugePages:         0 kB
FilePmdMapped:         0 kB
HugePages_Total:       0
HugePages_Free:        0
HugePages_Rsvd:        0
HugePages_Surp:        0
Hugepagesize:       2048 kB
Hugetlb:               0 kB
DirectMap4k:      649464 kB
DirectMap2M:    11804672 kB
DirectMap1G:           0 kB

container (cgroup) information:
container_type: cgroupv1
cpu_cpuset_cpus: 0-3
cpu_memory_nodes: 0
active_processor_count: 4
cpu_quota: -1
cpu_period: 100000
cpu_shares: -1
memory_limit_in_bytes: -1
memory_and_swap_limit_in_bytes: -1
memory_soft_limit_in_bytes: -1
memory_usage_in_bytes: 1067421696
memory_max_usage_in_bytes: 1081921536


CPU:total 4 (initial active 4) (2 cores per cpu, 2 threads per core) family 6 model 78 stepping 3, cmov, cx8, fxsr, mmx, sse, sse2, sse3, ssse3, sse4.1, sse4.2, popcnt, avx, avx2, aes, clmul, erms, 3dnowpref, lzcnt, ht, tsc, tscinvbit, bmi1, bmi2, adx

/proc/cpuinfo:
processor	: 0
vendor_id	: GenuineIntel
cpu family	: 6
model		: 78
model name	: Intel(R) Core(TM) i5-6200U CPU @ 2.30GHz
stepping	: 3
microcode	: 0xea
cpu MHz		: 2700.007
cache size	: 3072 KB
physical id	: 0
siblings	: 4
core id		: 0
cpu cores	: 2
apicid		: 0
initial apicid	: 0
fpu		: yes
fpu_exception	: yes
cpuid level	: 22
wp		: yes
flags		: fpu vme de pse tsc msr pae mce cx8 apic sep mtrr pge mca cmov pat pse36 clflush dts acpi mmx fxsr sse sse2 ss ht tm pbe syscall nx pdpe1gb rdtscp lm constant_tsc art arch_perfmon pebs bts rep_good nopl xtopology nonstop_tsc cpuid aperfmperf pni pclmulqdq dtes64 monitor ds_cpl vmx est tm2 ssse3 sdbg fma cx16 xtpr pdcm pcid sse4_1 sse4_2 x2apic movbe popcnt tsc_deadline_timer aes xsave avx f16c rdrand lahf_lm abm 3dnowprefetch cpuid_fault epb invpcid_single pti ssbd ibrs ibpb stibp tpr_shadow vnmi flexpriority ept vpid ept_ad fsgsbase tsc_adjust bmi1 avx2 smep bmi2 erms invpcid mpx rdseed adx smap clflushopt intel_pt xsaveopt xsavec xgetbv1 xsaves dtherm ida arat pln pts hwp hwp_notify hwp_act_window hwp_epp md_clear flush_l1d
vmx flags	: vnmi preemption_timer invvpid ept_x_only ept_ad ept_1gb flexpriority tsc_offset vtpr mtf vapic ept vpid unrestricted_guest ple pml
bugs		: cpu_meltdown spectre_v1 spectre_v2 spec_store_bypass l1tf mds swapgs itlb_multihit srbds
bogomips	: 4800.00
clflush size	: 64
cache_alignment	: 64
address sizes	: 39 bits physical, 48 bits virtual
power management:

processor	: 1
vendor_id	: GenuineIntel
cpu family	: 6
model		: 78
model name	: Intel(R) Core(TM) i5-6200U CPU @ 2.30GHz
stepping	: 3
microcode	: 0xea
cpu MHz		: 2400.000
cache size	: 3072 KB
physical id	: 0
siblings	: 4
core id		: 1
cpu cores	: 2
apicid		: 2
initial apicid	: 2
fpu		: yes
fpu_exception	: yes
cpuid level	: 22
wp		: yes
flags		: fpu vme de pse tsc msr pae mce cx8 apic sep mtrr pge mca cmov pat pse36 clflush dts acpi mmx fxsr sse sse2 ss ht tm pbe syscall nx pdpe1gb rdtscp lm constant_tsc art arch_perfmon pebs bts rep_good nopl xtopology nonstop_tsc cpuid aperfmperf pni pclmulqdq dtes64 monitor ds_cpl vmx est tm2 ssse3 sdbg fma cx16 xtpr pdcm pcid sse4_1 sse4_2 x2apic movbe popcnt tsc_deadline_timer aes xsave avx f16c rdrand lahf_lm abm 3dnowprefetch cpuid_fault epb invpcid_single pti ssbd ibrs ibpb stibp tpr_shadow vnmi flexpriority ept vpid ept_ad fsgsbase tsc_adjust bmi1 avx2 smep bmi2 erms invpcid mpx rdseed adx smap clflushopt intel_pt xsaveopt xsavec xgetbv1 xsaves dtherm ida arat pln pts hwp hwp_notify hwp_act_window hwp_epp md_clear flush_l1d
vmx flags	: vnmi preemption_timer invvpid ept_x_only ept_ad ept_1gb flexpriority tsc_offset vtpr mtf vapic ept vpid unrestricted_guest ple pml
bugs		: cpu_meltdown spectre_v1 spectre_v2 spec_store_bypass l1tf mds swapgs itlb_multihit srbds
bogomips	: 4800.00
clflush size	: 64
cache_alignment	: 64
address sizes	: 39 bits physical, 48 bits virtual
power management:

processor	: 2
vendor_id	: GenuineIntel
cpu family	: 6
model		: 78
model name	: Intel(R) Core(TM) i5-6200U CPU @ 2.30GHz
stepping	: 3
microcode	: 0xea
cpu MHz		: 2700.003
cache size	: 3072 KB
physical id	: 0
siblings	: 4
core id		: 0
cpu cores	: 2
apicid		: 1
initial apicid	: 1
fpu		: yes
fpu_exception	: yes
cpuid level	: 22
wp		: yes
flags		: fpu vme de pse tsc msr pae mce cx8 apic sep mtrr pge mca cmov pat pse36 clflush dts acpi mmx fxsr sse sse2 ss ht tm pbe syscall nx pdpe1gb rdtscp lm constant_tsc art arch_perfmon pebs bts rep_good nopl xtopology nonstop_tsc cpuid aperfmperf pni pclmulqdq dtes64 monitor ds_cpl vmx est tm2 ssse3 sdbg fma cx16 xtpr pdcm pcid sse4_1 sse4_2 x2apic movbe popcnt tsc_deadline_timer aes xsave avx f16c rdrand lahf_lm abm 3dnowprefetch cpuid_fault epb invpcid_single pti ssbd ibrs ibpb stibp tpr_shadow vnmi flexpriority ept vpid ept_ad fsgsbase tsc_adjust bmi1 avx2 smep bmi2 erms invpcid mpx rdseed adx smap clflushopt intel_pt xsaveopt xsavec xgetbv1 xsaves dtherm ida arat pln pts hwp hwp_notify hwp_act_window hwp_epp md_clear flush_l1d
vmx flags	: vnmi preemption_timer invvpid ept_x_only ept_ad ept_1gb flexpriority tsc_offset vtpr mtf vapic ept vpid unrestricted_guest ple pml
bugs		: cpu_meltdown spectre_v1 spectre_v2 spec_store_bypass l1tf mds swapgs itlb_multihit srbds
bogomips	: 4800.00
clflush size	: 64
cache_alignment	: 64
address sizes	: 39 bits physical, 48 bits virtual
power management:

processor	: 3
vendor_id	: GenuineIntel
cpu family	: 6
model		: 78
model name	: Intel(R) Core(TM) i5-6200U CPU @ 2.30GHz
stepping	: 3
microcode	: 0xea
cpu MHz		: 2400.000
cache size	: 3072 KB
physical id	: 0
siblings	: 4
core id		: 1
cpu cores	: 2
apicid		: 3
initial apicid	: 3
fpu		: yes
fpu_exception	: yes
cpuid level	: 22
wp		: yes
flags		: fpu vme de pse tsc msr pae mce cx8 apic sep mtrr pge mca cmov pat pse36 clflush dts acpi mmx fxsr sse sse2 ss ht tm pbe syscall nx pdpe1gb rdtscp lm constant_tsc art arch_perfmon pebs bts rep_good nopl xtopology nonstop_tsc cpuid aperfmperf pni pclmulqdq dtes64 monitor ds_cpl vmx est tm2 ssse3 sdbg fma cx16 xtpr pdcm pcid sse4_1 sse4_2 x2apic movbe popcnt tsc_deadline_timer aes xsave avx f16c rdrand lahf_lm abm 3dnowprefetch cpuid_fault epb invpcid_single pti ssbd ibrs ibpb stibp tpr_shadow vnmi flexpriority ept vpid ept_ad fsgsbase tsc_adjust bmi1 avx2 smep bmi2 erms invpcid mpx rdseed adx smap clflushopt intel_pt xsaveopt xsavec xgetbv1 xsaves dtherm ida arat pln pts hwp hwp_notify hwp_act_window hwp_epp md_clear flush_l1d
vmx flags	: vnmi preemption_timer invvpid ept_x_only ept_ad ept_1gb flexpriority tsc_offset vtpr mtf vapic ept vpid unrestricted_guest ple pml
bugs		: cpu_meltdown spectre_v1 spectre_v2 spec_store_bypass l1tf mds swapgs itlb_multihit srbds
bogomips	: 4800.00
clflush size	: 64
cache_alignment	: 64
address sizes	: 39 bits physical, 48 bits virtual
power management:



Memory: 4k page, physical 12130180k(223700k free), swap 2097148k(795108k free)

vm_info: OpenJDK 64-Bit Server VM (25.312-b07) for linux-amd64 JRE (1.8.0_312-8u312-b07-0ubuntu1~20.04-b07), built on Nov  3 2021 13:54:59 by "buildd" with gcc 9.3.0

time: Thu Jan 20 10:19:31 2022
timezone: +01
elapsed time: 0.301432 seconds (0d 0h 0m 0s)

