#
# A fatal error has been detected by the Java Runtime Environment:
#
#  SIGSEGV (0xb) at pc=0x00007faefd9ef64a, pid=28764, tid=0x00007faefd53b700
#
# JRE version: OpenJDK Runtime Environment (8.0_312-b07) (build 1.8.0_312-8u312-b07-0ubuntu1~20.04-b07)
# Java VM: OpenJDK 64-Bit Server VM (25.312-b07 mixed mode linux-amd64 compressed oops)
# Problematic frame:
# C  [libglib-2.0.so.0+0x7164a]  g_slist_remove+0x2a
#
# Failed to write core dump. Core dumps have been disabled. To enable core dumping, try "ulimit -c unlimited" before starting Java again
#
# If you would like to submit a bug report, please visit:
#   http://bugreport.java.com/bugreport/crash.jsp
# The crash happened outside the Java Virtual Machine in native code.
# See problematic frame for where to report the bug.
#

---------------  T H R E A D  ---------------

Current thread (0x00007faf1c30c000):  JavaThread "AWT-EventQueue-1" [_thread_in_native, id=28788, stack(0x00007faefd43b000,0x00007faefd53c000)]

siginfo: si_signo: 11 (SIGSEGV), si_code: 1 (SEGV_MAPERR), si_addr: 0x0000441f0fc30674

Registers:
RAX=0x00007faeb400fb30, RBX=0x00007faf1c31a700, RCX=0x012f83f0fa1e0ff3, RDX=0x0000441f0fc30674
RSP=0x00007faefd538990, RBP=0x00007faeb8003f70, RSI=0x00007faeb8003f50, RDI=0x00007faefd9cc3f0
R8 =0x00007faefd9cc3f8, R9 =0x0000000000000000, R10=0x00007faf1c314da0, R11=0x000000000049d1b0
R12=0x00007faeb400d500, R13=0x00007faf1c314cf8, R14=0x0000000000000000, R15=0x00007faefd90e7a0
RIP=0x00007faefd9ef64a, EFLAGS=0x0000000000010206, CSGSFS=0x002b000000000033, ERR=0x0000000000000004
  TRAPNO=0x000000000000000e

Top of Stack: (sp=0x00007faefd538990)
0x00007faefd538990:   00007faeb400fb30 4112fdcc5f96af00
0x00007faefd5389a0:   00007faefd90e7a0 00007faefd90e466
0x00007faefd5389b0:   00007faeb400d500 00007faeb8003ef0
0x00007faefd5389c0:   00007faefd90e490 00007faefd956dc0
0x00007faefd5389d0:   00007faeb400b540 00007faeb8003ef0
0x00007faefd5389e0:   00007faeb400f970 00007faefd90e7e7
0x00007faefd5389f0:   00007faeb400f970 00007faeb400f970
0x00007faefd538a00:   00007faefd90e7a0 00007faefd956c2a
0x00007faefd538a10:   00007faf1c31a700 00007faefd90eae0
0x00007faefd538a20:   00007faefd90e800 0000000000000000
0x00007faefd538a30:   0000000000000001 00007faeb400f970
0x00007faefd538a40:   00007faeb400b630 00007faefd90eae0
0x00007faefd538a50:   00007faefd90e800 0000000000000000
0x00007faefd538a60:   00007faefd90e7a0 00007faefd93eea1
0x00007faefd538a70:   0000000000000000 00007faefd92c014
0x00007faefd538a80:   00007faeb400b630 00007faeb400f970
0x00007faefd538a90:   00007faf1c3145b0 00007faefd538af0
0x00007faefd538aa0:   00007faefdb3d030 00007faefd90ec13
0x00007faefd538ab0:   00007faeb400f880 00007faefdb3d038
0x00007faefd538ac0:   00007faf1c313630 0000000000000000
0x00007faefd538ad0:   00007faf1c2d0ab0 00007faefdb18bb4
0x00007faefd538ae0:   00007faf2066a7b0 0000000000000000
0x00007faefd538af0:   0000000000000000 0000000000000000
0x00007faefd538b00:   00007faefd538b21 00007faf2066a7b0
0x00007faefd538b10:   00007faf1c30c000 4112fdcc5f96af00
0x00007faefd538b20:   00007faf2066a7b0 00007faefdb92540
0x00007faefd538b30:   00007faefdb92540 0000000000000000
0x00007faefd538b40:   00007faf2066a7b0 00007faefd538c10
0x00007faefd538b50:   00007faf1c30c000 00007faefdb70273
0x00007faefd538b60:   00007faefdb92540 00007faf2066a7b0
0x00007faefd538b70:   0000000000000000 00007faefdb70566
0x00007faefd538b80:   0000000000000000 4112fdcc5f96af00 

Instructions: (pc=0x00007faefd9ef64a)
0x00007faefd9ef62a:   8b 0c 25 28 00 00 00 48 89 4c 24 08 31 c9 48 89
0x00007faefd9ef63a:   3c 24 48 85 ff 74 4f 48 89 f8 48 89 fa 49 89 e0
0x00007faefd9ef64a:   48 8b 0a 48 89 d7 48 8b 52 08 48 39 ce 74 27 4c
0x00007faefd9ef65a:   8d 47 08 48 85 d2 75 e8 66 0f 1f 44 00 00 48 8b 

Register to memory mapping:

RAX=0x00007faeb400fb30 is an unknown value
RBX=0x00007faf1c31a700 is an unknown value
RCX=0x012f83f0fa1e0ff3 is an unknown value
RDX=0x0000441f0fc30674 is an unknown value
RSP=0x00007faefd538990 is pointing into the stack for thread: 0x00007faf1c30c000
RBP=0x00007faeb8003f70 is an unknown value
RSI=0x00007faeb8003f50 is an unknown value
RDI=0x00007faefd9cc3f0: <offset 0x4e3f0> in /lib/x86_64-linux-gnu/libglib-2.0.so.0 at 0x00007faefd97e000
R8 =0x00007faefd9cc3f8: <offset 0x4e3f8> in /lib/x86_64-linux-gnu/libglib-2.0.so.0 at 0x00007faefd97e000
R9 =0x0000000000000000 is an unknown value
R10=0x00007faf1c314da0 is an unknown value
R11=0x000000000049d1b0 is an unknown value
R12=0x00007faeb400d500 is an unknown value
R13=0x00007faf1c314cf8 is an unknown value
R14=0x0000000000000000 is an unknown value
R15=0x00007faefd90e7a0: <offset 0x187a0> in /lib/x86_64-linux-gnu/libatspi.so.0 at 0x00007faefd8f6000


Stack: [0x00007faefd43b000,0x00007faefd53c000],  sp=0x00007faefd538990,  free space=1014k
Native frames: (J=compiled Java code, j=interpreted, Vv=VM code, C=native code)
C  [libglib-2.0.so.0+0x7164a]  g_slist_remove+0x2a

Java frames: (J=compiled Java code, j=interpreted, Vv=VM code)
j  org.GNOME.Accessibility.AtkWrapper.loadAtkBridge()V+0
j  org.GNOME.Accessibility.AtkWrapper$4.eventDispatched(Ljava/awt/AWTEvent;)V+18
j  java.awt.Toolkit$SelectiveAWTEventListener.eventDispatched(Ljava/awt/AWTEvent;)V+733
j  java.awt.Toolkit.notifyAWTEventListeners(Ljava/awt/AWTEvent;)V+30
j  java.awt.Component.dispatchEventImpl(Ljava/awt/AWTEvent;)V+257
j  java.awt.Container.dispatchEventImpl(Ljava/awt/AWTEvent;)V+42
j  java.awt.Window.dispatchEventImpl(Ljava/awt/AWTEvent;)V+19
j  java.awt.Component.dispatchEvent(Ljava/awt/AWTEvent;)V+2
j  java.awt.EventQueue.dispatchEventImpl(Ljava/awt/AWTEvent;Ljava/lang/Object;)V+41
j  java.awt.EventQueue.access$500(Ljava/awt/EventQueue;Ljava/awt/AWTEvent;Ljava/lang/Object;)V+3
j  java.awt.EventQueue$3.run()Ljava/lang/Void;+32
j  java.awt.EventQueue$3.run()Ljava/lang/Object;+1
v  ~StubRoutines::call_stub
j  java.security.AccessController.doPrivileged(Ljava/security/PrivilegedAction;Ljava/security/AccessControlContext;)Ljava/lang/Object;+0
j  java.security.ProtectionDomain$JavaSecurityAccessImpl.doIntersectionPrivilege(Ljava/security/PrivilegedAction;Ljava/security/AccessControlContext;Ljava/security/AccessControlContext;)Ljava/lang/Object;+18
j  java.security.ProtectionDomain$JavaSecurityAccessImpl.doIntersectionPrivilege(Ljava/security/PrivilegedAction;Ljava/security/AccessControlContext;)Ljava/lang/Object;+6
j  java.awt.EventQueue$4.run()Ljava/lang/Void;+11
j  java.awt.EventQueue$4.run()Ljava/lang/Object;+1
v  ~StubRoutines::call_stub
j  java.security.AccessController.doPrivileged(Ljava/security/PrivilegedAction;Ljava/security/AccessControlContext;)Ljava/lang/Object;+0
j  java.security.ProtectionDomain$JavaSecurityAccessImpl.doIntersectionPrivilege(Ljava/security/PrivilegedAction;Ljava/security/AccessControlContext;Ljava/security/AccessControlContext;)Ljava/lang/Object;+18
j  java.awt.EventQueue.dispatchEvent(Ljava/awt/AWTEvent;)V+73
j  org.GNOME.Accessibility.AtkWrapper$6.dispatchEvent(Ljava/awt/AWTEvent;)V+100
j  java.awt.EventDispatchThread.pumpOneEventForFilters(I)V+140
j  java.awt.EventDispatchThread.pumpEventsForFilter(ILjava/awt/Conditional;Ljava/awt/EventFilter;)V+35
j  java.awt.EventDispatchThread.pumpEventsForHierarchy(ILjava/awt/Conditional;Ljava/awt/Component;)V+11
j  java.awt.EventDispatchThread.pumpEvents(ILjava/awt/Conditional;)V+4
j  java.awt.EventDispatchThread.pumpEvents(Ljava/awt/Conditional;)V+3
j  java.awt.EventDispatchThread.run()V+9
v  ~StubRoutines::call_stub

---------------  P R O C E S S  ---------------

Java Threads: ( => current thread )
=>0x00007faf1c30c000 JavaThread "AWT-EventQueue-1" [_thread_in_native, id=28788, stack(0x00007faefd43b000,0x00007faefd53c000)]
  0x00007faf1c308800 JavaThread "AWT-Shutdown" [_thread_blocked, id=28787, stack(0x00007faefd53c000,0x00007faefd63d000)]
  0x00007faf1c2c7800 JavaThread "process reaper" daemon [_thread_blocked, id=28786, stack(0x00007faefdb93000,0x00007faefdbcc000)]
  0x00007faf1c2b1800 JavaThread "AWT-XAWT" daemon [_thread_in_Java, id=28784, stack(0x00007faefdbcc000,0x00007faefdccd000)]
  0x00007faf1c289000 JavaThread "Java2D Disposer" daemon [_thread_blocked, id=28783, stack(0x00007faefdcd5000,0x00007faefddd6000)]
  0x00007faf1c0ca000 JavaThread "Service Thread" daemon [_thread_blocked, id=28781, stack(0x00007faefe716000,0x00007faefe817000)]
  0x00007faf1c0bf000 JavaThread "C1 CompilerThread2" daemon [_thread_blocked, id=28780, stack(0x00007faefe818000,0x00007faefe918000)]
  0x00007faf1c0bd000 JavaThread "C2 CompilerThread1" daemon [_thread_blocked, id=28779, stack(0x00007faefe919000,0x00007faefea19000)]
  0x00007faf1c0ba000 JavaThread "C2 CompilerThread0" daemon [_thread_blocked, id=28778, stack(0x00007faefea1a000,0x00007faefeb1a000)]
  0x00007faf1c0b4800 JavaThread "Signal Dispatcher" daemon [_thread_blocked, id=28777, stack(0x00007faefeb1a000,0x00007faefec1b000)]
  0x00007faf1c086800 JavaThread "Finalizer" daemon [_thread_blocked, id=28776, stack(0x00007faeff9fa000,0x00007faeffafb000)]
  0x00007faf1c082000 JavaThread "Reference Handler" daemon [_thread_blocked, id=28775, stack(0x00007faeffafb000,0x00007faeffbfc000)]
  0x00007faf1c00a800 JavaThread "main" [_thread_in_vm, id=28766, stack(0x00007faf2209e000,0x00007faf2219e000)]

Other Threads:
  0x00007faf1c078800 VMThread [stack: 0x00007faeffbfd000,0x00007faeffcfd000] [id=28774]
  0x00007faf1c0cc800 WatcherThread [stack: 0x00007faefe616000,0x00007faefe716000] [id=28782]

VM state:not at safepoint (normal execution)

VM Mutex/Monitor currently owned by a thread: None

heap address: 0x0000000706e00000, size: 2962 MB, Compressed Oops mode: Zero based, Oop shift amount: 3
Narrow klass base: 0x0000000000000000, Narrow klass shift: 3
Compressed class space size: 1073741824 Address: 0x00000007c0000000

Heap:
 PSYoungGen      total 55808K, used 7700K [0x0000000782500000, 0x0000000786300000, 0x00000007c0000000)
  eden space 48128K, 16% used [0x0000000782500000,0x0000000782c853d8,0x0000000785400000)
  from space 7680K, 0% used [0x0000000785b80000,0x0000000785b80000,0x0000000786300000)
  to   space 7680K, 0% used [0x0000000785400000,0x0000000785400000,0x0000000785b80000)
 ParOldGen       total 126976K, used 0K [0x0000000706e00000, 0x000000070ea00000, 0x0000000782500000)
  object space 126976K, 0% used [0x0000000706e00000,0x0000000706e00000,0x000000070ea00000)
 Metaspace       used 8241K, capacity 8446K, committed 8704K, reserved 1056768K
  class space    used 925K, capacity 1003K, committed 1024K, reserved 1048576K

Card table byte_map: [0x00007faf216a5000,0x00007faf21c6f000] byte_map_base: 0x00007faf1de6e000

Marking Bits: (ParMarkBitMap*) 0x00007faf232cf720
 Begin Bits: [0x00007faef2370000, 0x00007faef51b8000)
 End Bits:   [0x00007faef51b8000, 0x00007faef8000000)

Polling page: 0x00007faf23585000

CodeCache: size=245760Kb used=1816Kb max_used=1816Kb free=243944Kb
 bounds [0x00007faf0d000000, 0x00007faf0d270000, 0x00007faf1c000000]
 total_blobs=807 nmethods=338 adapters=383
 compilation: enabled

Compilation events (10 events):
Event: 0.375 Thread 0x00007faf1c0bf000 nmethod 325 0x00007faf0d1c1150 code [0x00007faf0d1c1320, 0x00007faf0d1c1b78]
Event: 0.375 Thread 0x00007faf1c0bf000  327       1       java.util.HashMap::afterNodeInsertion (1 bytes)
Event: 0.375 Thread 0x00007faf1c0bf000 nmethod 327 0x00007faf0d1c1dd0 code [0x00007faf0d1c1f20, 0x00007faf0d1c2030]
Event: 0.375 Thread 0x00007faf1c0bf000  324       3       java.util.concurrent.locks.ReentrantLock::lock (8 bytes)
Event: 0.375 Thread 0x00007faf1c0bf000 nmethod 324 0x00007faf0d1c2090 code [0x00007faf0d1c2200, 0x00007faf0d1c2428]
Event: 0.375 Thread 0x00007faf1c0bf000  326       3       java.util.concurrent.locks.ReentrantLock::unlock (10 bytes)
Event: 0.375 Thread 0x00007faf1c0bf000 nmethod 326 0x00007faf0d1c24d0 code [0x00007faf0d1c2660, 0x00007faf0d1c2a58]
Event: 0.375 Thread 0x00007faf1c0bf000  330       3       sun.awt.SunToolkit::awtLock (7 bytes)
Event: 0.375 Thread 0x00007faf1c0bf000 nmethod 330 0x00007faf0d1c2b90 code [0x00007faf0d1c2d00, 0x00007faf0d1c2fe8]
Event: 0.375 Thread 0x00007faf1c0bf000  331       3       sun.awt.SunToolkit::awtUnlock (7 bytes)

GC Heap History (0 events):
No events

Deoptimization events (0 events):
No events

Classes redefined (0 events):
No events

Internal exceptions (10 events):
Event: 0.062 Thread 0x00007faf1c00a800 Exception <a 'java/security/PrivilegedActionException'> (0x000000078254f3a8) thrown at [/build/openjdk-8-85WbbC/openjdk-8-8u312-b07/src/hotspot/src/share/vm/prims/jvm.cpp, line 1521]
Event: 0.062 Thread 0x00007faf1c00a800 Exception <a 'java/security/PrivilegedActionException'> (0x000000078254f5b8) thrown at [/build/openjdk-8-85WbbC/openjdk-8-8u312-b07/src/hotspot/src/share/vm/prims/jvm.cpp, line 1521]
Event: 0.089 Thread 0x00007faf1c00a800 Exception <a 'java/security/PrivilegedActionException'> (0x000000078258e0a0) thrown at [/build/openjdk-8-85WbbC/openjdk-8-8u312-b07/src/hotspot/src/share/vm/prims/jvm.cpp, line 1521]
Event: 0.089 Thread 0x00007faf1c00a800 Exception <a 'java/security/PrivilegedActionException'> (0x000000078258e2b0) thrown at [/build/openjdk-8-85WbbC/openjdk-8-8u312-b07/src/hotspot/src/share/vm/prims/jvm.cpp, line 1521]
Event: 0.089 Thread 0x00007faf1c00a800 Exception <a 'java/security/PrivilegedActionException'> (0x00000007825909d0) thrown at [/build/openjdk-8-85WbbC/openjdk-8-8u312-b07/src/hotspot/src/share/vm/prims/jvm.cpp, line 1521]
Event: 0.089 Thread 0x00007faf1c00a800 Exception <a 'java/security/PrivilegedActionException'> (0x0000000782590be0) thrown at [/build/openjdk-8-85WbbC/openjdk-8-8u312-b07/src/hotspot/src/share/vm/prims/jvm.cpp, line 1521]
Event: 0.146 Thread 0x00007faf1c00a800 Exception <a 'java/lang/NoSuchFieldError': method resolution failed> (0x0000000782752540) thrown at [/build/openjdk-8-85WbbC/openjdk-8-8u312-b07/src/hotspot/src/share/vm/prims/methodHandles.cpp, line 1176]
Event: 0.149 Thread 0x00007faf1c00a800 Exception <a 'java/lang/NoSuchFieldError': method resolution failed> (0x000000078275fd40) thrown at [/build/openjdk-8-85WbbC/openjdk-8-8u312-b07/src/hotspot/src/share/vm/prims/methodHandles.cpp, line 1176]
Event: 0.207 Thread 0x00007faf1c00a800 Exception <a 'java/io/FileNotFoundException'> (0x00000007827dfae8) thrown at [/build/openjdk-8-85WbbC/openjdk-8-8u312-b07/src/hotspot/src/share/vm/prims/jni.cpp, line 711]
Event: 0.236 Thread 0x00007faf1c00a800 Exception <a 'java/lang/ClassNotFoundException': sun/dc/DuctusRenderingEngine> (0x00000007827fb388) thrown at [/build/openjdk-8-85WbbC/openjdk-8-8u312-b07/src/hotspot/src/share/vm/classfile/systemDictionary.cpp, line 217]

Events (10 events):
Event: 0.364 loading class java/awt/peer/LabelPeer done
Event: 0.364 loading class sun/awt/X11/XLabelPeer done
Event: 0.365 loading class java/awt/event/ContainerEvent
Event: 0.365 loading class java/awt/event/ContainerEvent done
Event: 0.367 loading class sun/awt/HeadlessToolkit
Event: 0.367 loading class sun/awt/HeadlessToolkit done
Event: 0.373 loading class sun/awt/X11/XReparentEvent
Event: 0.373 loading class sun/awt/X11/XReparentEvent done
Event: 0.374 loading class sun/awt/X11/XConfigureEvent
Event: 0.375 loading class sun/awt/X11/XConfigureEvent done


Dynamic libraries:
706e00000-70ea00000 rw-p 00000000 00:00 0 
70ea00000-782500000 ---p 00000000 00:00 0 
782500000-786300000 rw-p 00000000 00:00 0 
786300000-7c0000000 ---p 00000000 00:00 0 
7c0000000-7c0120000 rw-p 00000000 00:00 0 
7c0120000-800000000 ---p 00000000 00:00 0 
55cd3436b000-55cd3436c000 r--p 00000000 08:05 11667923                   /usr/lib/jvm/java-8-openjdk-amd64/jre/bin/java
55cd3436c000-55cd3436d000 r-xp 00001000 08:05 11667923                   /usr/lib/jvm/java-8-openjdk-amd64/jre/bin/java
55cd3436d000-55cd3436e000 r--p 00002000 08:05 11667923                   /usr/lib/jvm/java-8-openjdk-amd64/jre/bin/java
55cd3436e000-55cd3436f000 r--p 00002000 08:05 11667923                   /usr/lib/jvm/java-8-openjdk-amd64/jre/bin/java
55cd3436f000-55cd34370000 rw-p 00003000 08:05 11667923                   /usr/lib/jvm/java-8-openjdk-amd64/jre/bin/java
55cd357a8000-55cd357c9000 rw-p 00000000 00:00 0                          [heap]
7faeb4000000-7faeb4023000 rw-p 00000000 00:00 0 
7faeb4023000-7faeb8000000 ---p 00000000 00:00 0 
7faeb8000000-7faeb8021000 rw-p 00000000 00:00 0 
7faeb8021000-7faebc000000 ---p 00000000 00:00 0 
7faebc000000-7faebc021000 rw-p 00000000 00:00 0 
7faebc021000-7faec0000000 ---p 00000000 00:00 0 
7faec0000000-7faec0021000 rw-p 00000000 00:00 0 
7faec0021000-7faec4000000 ---p 00000000 00:00 0 
7faec4000000-7faec4021000 rw-p 00000000 00:00 0 
7faec4021000-7faec8000000 ---p 00000000 00:00 0 
7faec8000000-7faec8021000 rw-p 00000000 00:00 0 
7faec8021000-7faecc000000 ---p 00000000 00:00 0 
7faecc000000-7faecc021000 rw-p 00000000 00:00 0 
7faecc021000-7faed0000000 ---p 00000000 00:00 0 
7faed0000000-7faed0021000 rw-p 00000000 00:00 0 
7faed0021000-7faed4000000 ---p 00000000 00:00 0 
7faed4000000-7faed4023000 rw-p 00000000 00:00 0 
7faed4023000-7faed8000000 ---p 00000000 00:00 0 
7faed8000000-7faed81e3000 rw-p 00000000 00:00 0 
7faed81e3000-7faedc000000 ---p 00000000 00:00 0 
7faedc000000-7faedc021000 rw-p 00000000 00:00 0 
7faedc021000-7faee0000000 ---p 00000000 00:00 0 
7faee0000000-7faee006b000 rw-p 00000000 00:00 0 
7faee006b000-7faee4000000 ---p 00000000 00:00 0 
7faee4000000-7faee4021000 rw-p 00000000 00:00 0 
7faee4021000-7faee8000000 ---p 00000000 00:00 0 
7faee8000000-7faee8021000 rw-p 00000000 00:00 0 
7faee8021000-7faeec000000 ---p 00000000 00:00 0 
7faeec000000-7faeec021000 rw-p 00000000 00:00 0 
7faeec021000-7faef0000000 ---p 00000000 00:00 0 
7faef2370000-7faef8000000 rw-p 00000000 00:00 0 
7faef8000000-7faef8021000 rw-p 00000000 00:00 0 
7faef8021000-7faefc000000 ---p 00000000 00:00 0 
7faefcc3a000-7faefcc3b000 ---p 00000000 00:00 0 
7faefcc3b000-7faefd43b000 rw-p 00000000 00:00 0 
7faefd43b000-7faefd43e000 ---p 00000000 00:00 0 
7faefd43e000-7faefd53c000 rw-p 00000000 00:00 0 
7faefd53c000-7faefd53f000 ---p 00000000 00:00 0 
7faefd53f000-7faefd63d000 rw-p 00000000 00:00 0 
7faefd63d000-7faefd641000 r--p 00000000 08:05 9576198                    /usr/lib/x86_64-linux-gnu/libgpg-error.so.0.28.0
7faefd641000-7faefd654000 r-xp 00004000 08:05 9576198                    /usr/lib/x86_64-linux-gnu/libgpg-error.so.0.28.0
7faefd654000-7faefd65e000 r--p 00017000 08:05 9576198                    /usr/lib/x86_64-linux-gnu/libgpg-error.so.0.28.0
7faefd65e000-7faefd65f000 r--p 00020000 08:05 9576198                    /usr/lib/x86_64-linux-gnu/libgpg-error.so.0.28.0
7faefd65f000-7faefd660000 rw-p 00021000 08:05 9576198                    /usr/lib/x86_64-linux-gnu/libgpg-error.so.0.28.0
7faefd660000-7faefd66c000 r--p 00000000 08:05 9568281                    /usr/lib/x86_64-linux-gnu/libgcrypt.so.20.2.5
7faefd66c000-7faefd73a000 r-xp 0000c000 08:05 9568281                    /usr/lib/x86_64-linux-gnu/libgcrypt.so.20.2.5
7faefd73a000-7faefd777000 r--p 000da000 08:05 9568281                    /usr/lib/x86_64-linux-gnu/libgcrypt.so.20.2.5
7faefd777000-7faefd779000 r--p 00116000 08:05 9568281                    /usr/lib/x86_64-linux-gnu/libgcrypt.so.20.2.5
7faefd779000-7faefd77e000 rw-p 00118000 08:05 9568281                    /usr/lib/x86_64-linux-gnu/libgcrypt.so.20.2.5
7faefd77e000-7faefd780000 r--p 00000000 08:05 9568960                    /usr/lib/x86_64-linux-gnu/liblz4.so.1.9.2
7faefd780000-7faefd79a000 r-xp 00002000 08:05 9568960                    /usr/lib/x86_64-linux-gnu/liblz4.so.1.9.2
7faefd79a000-7faefd79d000 r--p 0001c000 08:05 9568960                    /usr/lib/x86_64-linux-gnu/liblz4.so.1.9.2
7faefd79d000-7faefd79e000 r--p 0001e000 08:05 9568960                    /usr/lib/x86_64-linux-gnu/liblz4.so.1.9.2
7faefd79e000-7faefd79f000 rw-p 0001f000 08:05 9568960                    /usr/lib/x86_64-linux-gnu/liblz4.so.1.9.2
7faefd79f000-7faefd7a2000 r--p 00000000 08:05 9576459                    /usr/lib/x86_64-linux-gnu/liblzma.so.5.2.4
7faefd7a2000-7faefd7ba000 r-xp 00003000 08:05 9576459                    /usr/lib/x86_64-linux-gnu/liblzma.so.5.2.4
7faefd7ba000-7faefd7c5000 r--p 0001b000 08:05 9576459                    /usr/lib/x86_64-linux-gnu/liblzma.so.5.2.4
7faefd7c5000-7faefd7c6000 ---p 00026000 08:05 9576459                    /usr/lib/x86_64-linux-gnu/liblzma.so.5.2.4
7faefd7c6000-7faefd7c7000 r--p 00026000 08:05 9576459                    /usr/lib/x86_64-linux-gnu/liblzma.so.5.2.4
7faefd7c7000-7faefd7c8000 rw-p 00027000 08:05 9576459                    /usr/lib/x86_64-linux-gnu/liblzma.so.5.2.4
7faefd7c8000-7faefd7d8000 r--p 00000000 08:05 9571567                    /usr/lib/x86_64-linux-gnu/libsystemd.so.0.28.0
7faefd7d8000-7faefd84d000 r-xp 00010000 08:05 9571567                    /usr/lib/x86_64-linux-gnu/libsystemd.so.0.28.0
7faefd84d000-7faefd872000 r--p 00085000 08:05 9571567                    /usr/lib/x86_64-linux-gnu/libsystemd.so.0.28.0
7faefd872000-7faefd875000 r--p 000a9000 08:05 9571567                    /usr/lib/x86_64-linux-gnu/libsystemd.so.0.28.0
7faefd875000-7faefd876000 rw-p 000ac000 08:05 9571567                    /usr/lib/x86_64-linux-gnu/libsystemd.so.0.28.0
7faefd876000-7faefd877000 rw-p 00000000 00:00 0 
7faefd877000-7faefd879000 r--p 00000000 08:05 9576666                    /usr/lib/x86_64-linux-gnu/libpcre.so.3.13.3
7faefd879000-7faefd8ca000 r-xp 00002000 08:05 9576666                    /usr/lib/x86_64-linux-gnu/libpcre.so.3.13.3
7faefd8ca000-7faefd8e8000 r--p 00053000 08:05 9576666                    /usr/lib/x86_64-linux-gnu/libpcre.so.3.13.3
7faefd8e8000-7faefd8e9000 r--p 00070000 08:05 9576666                    /usr/lib/x86_64-linux-gnu/libpcre.so.3.13.3
7faefd8e9000-7faefd8ea000 rw-p 00071000 08:05 9576666                    /usr/lib/x86_64-linux-gnu/libpcre.so.3.13.3
7faefd8ea000-7faefd8ec000 r--p 00000000 08:05 9576050                    /usr/lib/x86_64-linux-gnu/libffi.so.7.1.0
7faefd8ec000-7faefd8f2000 r-xp 00002000 08:05 9576050                    /usr/lib/x86_64-linux-gnu/libffi.so.7.1.0
7faefd8f2000-7faefd8f3000 r--p 00008000 08:05 9576050                    /usr/lib/x86_64-linux-gnu/libffi.so.7.1.0
7faefd8f3000-7faefd8f4000 ---p 00009000 08:05 9576050                    /usr/lib/x86_64-linux-gnu/libffi.so.7.1.0
7faefd8f4000-7faefd8f5000 r--p 00009000 08:05 9576050                    /usr/lib/x86_64-linux-gnu/libffi.so.7.1.0
7faefd8f5000-7faefd8f6000 rw-p 0000a000 08:05 9576050                    /usr/lib/x86_64-linux-gnu/libffi.so.7.1.0
7faefd8f6000-7faefd905000 r--p 00000000 08:05 9575751                    /usr/lib/x86_64-linux-gnu/libatspi.so.0.0.1
7faefd905000-7faefd91b000 r-xp 0000f000 08:05 9575751                    /usr/lib/x86_64-linux-gnu/libatspi.so.0.0.1
7faefd91b000-7faefd928000 r--p 00025000 08:05 9575751                    /usr/lib/x86_64-linux-gnu/libatspi.so.0.0.1
7faefd928000-7faefd929000 ---p 00032000 08:05 9575751                    /usr/lib/x86_64-linux-gnu/libatspi.so.0.0.1
7faefd929000-7faefd92c000 r--p 00032000 08:05 9575751                    /usr/lib/x86_64-linux-gnu/libatspi.so.0.0.1
7faefd92c000-7faefd92d000 rw-p 00035000 08:05 9575751                    /usr/lib/x86_64-linux-gnu/libatspi.so.0.0.1
7faefd92d000-7faefd938000 r--p 00000000 08:05 9575922                    /usr/lib/x86_64-linux-gnu/libdbus-1.so.3.19.11
7faefd938000-7faefd966000 r-xp 0000b000 08:05 9575922                    /usr/lib/x86_64-linux-gnu/libdbus-1.so.3.19.11
7faefd966000-7faefd97b000 r--p 00039000 08:05 9575922                    /usr/lib/x86_64-linux-gnu/libdbus-1.so.3.19.11
7faefd97b000-7faefd97c000 ---p 0004e000 08:05 9575922                    /usr/lib/x86_64-linux-gnu/libdbus-1.so.3.19.11
7faefd97c000-7faefd97d000 r--p 0004e000 08:05 9575922                    /usr/lib/x86_64-linux-gnu/libdbus-1.so.3.19.11
7faefd97d000-7faefd97e000 rw-p 0004f000 08:05 9575922                    /usr/lib/x86_64-linux-gnu/libdbus-1.so.3.19.11
7faefd97e000-7faefd99a000 r--p 00000000 08:05 9574579                    /usr/lib/x86_64-linux-gnu/libglib-2.0.so.0.6400.6
7faefd99a000-7faefda1e000 r-xp 0001c000 08:05 9574579                    /usr/lib/x86_64-linux-gnu/libglib-2.0.so.0.6400.6
7faefda1e000-7faefdaa4000 r--p 000a0000 08:05 9574579                    /usr/lib/x86_64-linux-gnu/libglib-2.0.so.0.6400.6
7faefdaa4000-7faefdaa5000 r--p 00125000 08:05 9574579                    /usr/lib/x86_64-linux-gnu/libglib-2.0.so.0.6400.6
7faefdaa5000-7faefdaa6000 rw-p 00126000 08:05 9574579                    /usr/lib/x86_64-linux-gnu/libglib-2.0.so.0.6400.6
7faefdaa6000-7faefdaa7000 rw-p 00000000 00:00 0 
7faefdaa7000-7faefdab5000 r--p 00000000 08:05 9574583                    /usr/lib/x86_64-linux-gnu/libgobject-2.0.so.0.6400.6
7faefdab5000-7faefdaeb000 r-xp 0000e000 08:05 9574583                    /usr/lib/x86_64-linux-gnu/libgobject-2.0.so.0.6400.6
7faefdaeb000-7faefdb03000 r--p 00044000 08:05 9574583                    /usr/lib/x86_64-linux-gnu/libgobject-2.0.so.0.6400.6
7faefdb03000-7faefdb06000 r--p 0005b000 08:05 9574583                    /usr/lib/x86_64-linux-gnu/libgobject-2.0.so.0.6400.6
7faefdb06000-7faefdb07000 rw-p 0005e000 08:05 9574583                    /usr/lib/x86_64-linux-gnu/libgobject-2.0.so.0.6400.6
7faefdb07000-7faefdb13000 r--p 00000000 08:05 9575743                    /usr/lib/x86_64-linux-gnu/libatk-bridge-2.0.so.0.0.0
7faefdb13000-7faefdb2c000 r-xp 0000c000 08:05 9575743                    /usr/lib/x86_64-linux-gnu/libatk-bridge-2.0.so.0.0.0
7faefdb2c000-7faefdb3a000 r--p 00025000 08:05 9575743                    /usr/lib/x86_64-linux-gnu/libatk-bridge-2.0.so.0.0.0
7faefdb3a000-7faefdb3b000 ---p 00033000 08:05 9575743                    /usr/lib/x86_64-linux-gnu/libatk-bridge-2.0.so.0.0.0
7faefdb3b000-7faefdb3c000 r--p 00033000 08:05 9575743                    /usr/lib/x86_64-linux-gnu/libatk-bridge-2.0.so.0.0.0
7faefdb3c000-7faefdb3d000 rw-p 00034000 08:05 9575743                    /usr/lib/x86_64-linux-gnu/libatk-bridge-2.0.so.0.0.0
7faefdb3d000-7faefdb3e000 rw-p 00000000 00:00 0 
7faefdb3e000-7faefdb49000 r--p 00000000 08:05 9575741                    /usr/lib/x86_64-linux-gnu/libatk-1.0.so.0.23510.1
7faefdb49000-7faefdb58000 r-xp 0000b000 08:05 9575741                    /usr/lib/x86_64-linux-gnu/libatk-1.0.so.0.23510.1
7faefdb58000-7faefdb64000 r--p 0001a000 08:05 9575741                    /usr/lib/x86_64-linux-gnu/libatk-1.0.so.0.23510.1
7faefdb64000-7faefdb67000 r--p 00025000 08:05 9575741                    /usr/lib/x86_64-linux-gnu/libatk-1.0.so.0.23510.1
7faefdb67000-7faefdb68000 rw-p 00028000 08:05 9575741                    /usr/lib/x86_64-linux-gnu/libatk-1.0.so.0.23510.1
7faefdb68000-7faefdb6d000 r--p 00000000 08:05 11671600                   /usr/lib/x86_64-linux-gnu/jni/libatk-wrapper.so
7faefdb6d000-7faefdb86000 r-xp 00005000 08:05 11671600                   /usr/lib/x86_64-linux-gnu/jni/libatk-wrapper.so
7faefdb86000-7faefdb90000 r--p 0001e000 08:05 11671600                   /usr/lib/x86_64-linux-gnu/jni/libatk-wrapper.so
7faefdb90000-7faefdb91000 ---p 00028000 08:05 11671600                   /usr/lib/x86_64-linux-gnu/jni/libatk-wrapper.so
7faefdb91000-7faefdb92000 r--p 00028000 08:05 11671600                   /usr/lib/x86_64-linux-gnu/jni/libatk-wrapper.so
7faefdb92000-7faefdb93000 rw-p 00029000 08:05 11671600                   /usr/lib/x86_64-linux-gnu/jni/libatk-wrapper.so
7faefdb93000-7faefdb96000 ---p 00000000 00:00 0 
7faefdb96000-7faefdbcc000 rw-p 00000000 00:00 0 
7faefdbcc000-7faefdbcf000 ---p 00000000 00:00 0 
7faefdbcf000-7faefdccd000 rw-p 00000000 00:00 0 
7faefdccd000-7faefdccf000 r--p 00000000 08:05 9575664                    /usr/lib/x86_64-linux-gnu/libXfixes.so.3.1.0
7faefdccf000-7faefdcd2000 r-xp 00002000 08:05 9575664                    /usr/lib/x86_64-linux-gnu/libXfixes.so.3.1.0
7faefdcd2000-7faefdcd3000 r--p 00005000 08:05 9575664                    /usr/lib/x86_64-linux-gnu/libXfixes.so.3.1.0
7faefdcd3000-7faefdcd4000 r--p 00005000 08:05 9575664                    /usr/lib/x86_64-linux-gnu/libXfixes.so.3.1.0
7faefdcd4000-7faefdcd5000 rw-p 00006000 08:05 9575664                    /usr/lib/x86_64-linux-gnu/libXfixes.so.3.1.0
7faefdcd5000-7faefdcd8000 ---p 00000000 00:00 0 
7faefdcd8000-7faefddd6000 rw-p 00000000 00:00 0 
7faefddd6000-7faefdddb000 r--p 00000000 08:05 9576704                    /usr/lib/x86_64-linux-gnu/libpng16.so.16.37.0
7faefdddb000-7faefde00000 r-xp 00005000 08:05 9576704                    /usr/lib/x86_64-linux-gnu/libpng16.so.16.37.0
7faefde00000-7faefde0c000 r--p 0002a000 08:05 9576704                    /usr/lib/x86_64-linux-gnu/libpng16.so.16.37.0
7faefde0c000-7faefde0d000 r--p 00035000 08:05 9576704                    /usr/lib/x86_64-linux-gnu/libpng16.so.16.37.0
7faefde0d000-7faefde0e000 rw-p 00036000 08:05 9576704                    /usr/lib/x86_64-linux-gnu/libpng16.so.16.37.0
7faefde0e000-7faefde1a000 r--p 00000000 08:05 9576083                    /usr/lib/x86_64-linux-gnu/libfreetype.so.6.17.1
7faefde1a000-7faefde9a000 r-xp 0000c000 08:05 9576083                    /usr/lib/x86_64-linux-gnu/libfreetype.so.6.17.1
7faefde9a000-7faefdec4000 r--p 0008c000 08:05 9576083                    /usr/lib/x86_64-linux-gnu/libfreetype.so.6.17.1
7faefdec4000-7faefdec5000 ---p 000b6000 08:05 9576083                    /usr/lib/x86_64-linux-gnu/libfreetype.so.6.17.1
7faefdec5000-7faefdecc000 r--p 000b6000 08:05 9576083                    /usr/lib/x86_64-linux-gnu/libfreetype.so.6.17.1
7faefdecc000-7faefdecd000 rw-p 000bd000 08:05 9576083                    /usr/lib/x86_64-linux-gnu/libfreetype.so.6.17.1
7faefdee1000-7faefdee5000 r--p 00000000 08:05 11667981                   /usr/lib/jvm/java-8-openjdk-amd64/jre/lib/amd64/libmanagement.so
7faefdee5000-7faefdee9000 r-xp 00004000 08:05 11667981                   /usr/lib/jvm/java-8-openjdk-amd64/jre/lib/amd64/libmanagement.so
7faefdee9000-7faefdeeb000 r--p 00008000 08:05 11667981                   /usr/lib/jvm/java-8-openjdk-amd64/jre/lib/amd64/libmanagement.so
7faefdeeb000-7faefdeec000 r--p 00009000 08:05 11667981                   /usr/lib/jvm/java-8-openjdk-amd64/jre/lib/amd64/libmanagement.so
7faefdeec000-7faefdeed000 rw-p 0000a000 08:05 11667981                   /usr/lib/jvm/java-8-openjdk-amd64/jre/lib/amd64/libmanagement.so
7faefdeed000-7faefdef4000 r--p 00000000 08:05 11667951                   /usr/lib/jvm/java-8-openjdk-amd64/jre/lib/amd64/libfontmanager.so
7faefdef4000-7faefdf23000 r-xp 00007000 08:05 11667951                   /usr/lib/jvm/java-8-openjdk-amd64/jre/lib/amd64/libfontmanager.so
7faefdf23000-7faefdf3f000 r--p 00036000 08:05 11667951                   /usr/lib/jvm/java-8-openjdk-amd64/jre/lib/amd64/libfontmanager.so
7faefdf3f000-7faefdf40000 ---p 00052000 08:05 11667951                   /usr/lib/jvm/java-8-openjdk-amd64/jre/lib/amd64/libfontmanager.so
7faefdf40000-7faefdf42000 r--p 00052000 08:05 11667951                   /usr/lib/jvm/java-8-openjdk-amd64/jre/lib/amd64/libfontmanager.so
7faefdf42000-7faefdf43000 rw-p 00054000 08:05 11667951                   /usr/lib/jvm/java-8-openjdk-amd64/jre/lib/amd64/libfontmanager.so
7faefdf43000-7faefdf47000 r--p 00000000 08:05 9575816                    /usr/lib/x86_64-linux-gnu/libbsd.so.0.10.0
7faefdf47000-7faefdf56000 r-xp 00004000 08:05 9575816                    /usr/lib/x86_64-linux-gnu/libbsd.so.0.10.0
7faefdf56000-7faefdf59000 r--p 00013000 08:05 9575816                    /usr/lib/x86_64-linux-gnu/libbsd.so.0.10.0
7faefdf59000-7faefdf5a000 ---p 00016000 08:05 9575816                    /usr/lib/x86_64-linux-gnu/libbsd.so.0.10.0
7faefdf5a000-7faefdf5b000 r--p 00016000 08:05 9575816                    /usr/lib/x86_64-linux-gnu/libbsd.so.0.10.0
7faefdf5b000-7faefdf5c000 rw-p 00017000 08:05 9575816                    /usr/lib/x86_64-linux-gnu/libbsd.so.0.10.0
7faefdf5c000-7faefdf5d000 rw-p 00000000 00:00 0 
7faefdf5d000-7faefdf5f000 r--p 00000000 08:05 9575660                    /usr/lib/x86_64-linux-gnu/libXdmcp.so.6.0.0
7faefdf5f000-7faefdf61000 r-xp 00002000 08:05 9575660                    /usr/lib/x86_64-linux-gnu/libXdmcp.so.6.0.0
7faefdf61000-7faefdf63000 r--p 00004000 08:05 9575660                    /usr/lib/x86_64-linux-gnu/libXdmcp.so.6.0.0
7faefdf63000-7faefdf64000 r--p 00005000 08:05 9575660                    /usr/lib/x86_64-linux-gnu/libXdmcp.so.6.0.0
7faefdf64000-7faefdf65000 rw-p 00006000 08:05 9575660                    /usr/lib/x86_64-linux-gnu/libXdmcp.so.6.0.0
7faefdf65000-7faefdf70000 r--p 00000000 08:05 9577122                    /usr/lib/x86_64-linux-gnu/libxcb.so.1.1.0
7faefdf70000-7faefdf84000 r-xp 0000b000 08:05 9577122                    /usr/lib/x86_64-linux-gnu/libxcb.so.1.1.0
7faefdf84000-7faefdf8d000 r--p 0001f000 08:05 9577122                    /usr/lib/x86_64-linux-gnu/libxcb.so.1.1.0
7faefdf8d000-7faefdf8e000 r--p 00027000 08:05 9577122                    /usr/lib/x86_64-linux-gnu/libxcb.so.1.1.0
7faefdf8e000-7faefdf8f000 rw-p 00028000 08:05 9577122                    /usr/lib/x86_64-linux-gnu/libxcb.so.1.1.0
7faefdf8f000-7faefdf94000 r-xp 00000000 08:05 9575688                    /usr/lib/x86_64-linux-gnu/libXtst.so.6.1.0
7faefdf94000-7faefe193000 ---p 00005000 08:05 9575688                    /usr/lib/x86_64-linux-gnu/libXtst.so.6.1.0
7faefe193000-7faefe194000 r--p 00004000 08:05 9575688                    /usr/lib/x86_64-linux-gnu/libXtst.so.6.1.0
7faefe194000-7faefe195000 rw-p 00005000 08:05 9575688                    /usr/lib/x86_64-linux-gnu/libXtst.so.6.1.0
7faefe195000-7faefe19e000 r-xp 00000000 08:05 9575682                    /usr/lib/x86_64-linux-gnu/libXrender.so.1.3.0
7faefe19e000-7faefe39d000 ---p 00009000 08:05 9575682                    /usr/lib/x86_64-linux-gnu/libXrender.so.1.3.0
7faefe39d000-7faefe39e000 r--p 00008000 08:05 9575682                    /usr/lib/x86_64-linux-gnu/libXrender.so.1.3.0
7faefe39e000-7faefe39f000 rw-p 00009000 08:05 9575682                    /usr/lib/x86_64-linux-gnu/libXrender.so.1.3.0
7faefe39f000-7faefe3b7000 r--p 00000000 08:05 9574597                    /usr/lib/x86_64-linux-gnu/libX11.so.6.3.0
7faefe3b7000-7faefe442000 r-xp 00018000 08:05 9574597                    /usr/lib/x86_64-linux-gnu/libX11.so.6.3.0
7faefe442000-7faefe4d6000 r--p 000a3000 08:05 9574597                    /usr/lib/x86_64-linux-gnu/libX11.so.6.3.0
7faefe4d6000-7faefe4d7000 ---p 00137000 08:05 9574597                    /usr/lib/x86_64-linux-gnu/libX11.so.6.3.0
7faefe4d7000-7faefe4d8000 r--p 00137000 08:05 9574597                    /usr/lib/x86_64-linux-gnu/libX11.so.6.3.0
7faefe4d8000-7faefe4dc000 rw-p 00138000 08:05 9574597                    /usr/lib/x86_64-linux-gnu/libX11.so.6.3.0
7faefe4dc000-7faefe4ec000 r--p 00000000 08:05 11667949                   /usr/lib/jvm/java-8-openjdk-amd64/jre/lib/amd64/libawt_xawt.so
7faefe4ec000-7faefe529000 r-xp 00010000 08:05 11667949                   /usr/lib/jvm/java-8-openjdk-amd64/jre/lib/amd64/libawt_xawt.so
7faefe529000-7faefe53a000 r--p 0004d000 08:05 11667949                   /usr/lib/jvm/java-8-openjdk-amd64/jre/lib/amd64/libawt_xawt.so
7faefe53a000-7faefe53b000 r--p 0005d000 08:05 11667949                   /usr/lib/jvm/java-8-openjdk-amd64/jre/lib/amd64/libawt_xawt.so
7faefe53b000-7faefe53e000 rw-p 0005e000 08:05 11667949                   /usr/lib/jvm/java-8-openjdk-amd64/jre/lib/amd64/libawt_xawt.so
7faefe53e000-7faefe540000 rw-p 00000000 00:00 0 
7faefe540000-7faefe56d000 r--p 00000000 08:05 11667947                   /usr/lib/jvm/java-8-openjdk-amd64/jre/lib/amd64/libawt.so
7faefe56d000-7faefe5d7000 r-xp 0002d000 08:05 11667947                   /usr/lib/jvm/java-8-openjdk-amd64/jre/lib/amd64/libawt.so
7faefe5d7000-7faefe5e3000 r--p 00097000 08:05 11667947                   /usr/lib/jvm/java-8-openjdk-amd64/jre/lib/amd64/libawt.so
7faefe5e3000-7faefe5e4000 ---p 000a3000 08:05 11667947                   /usr/lib/jvm/java-8-openjdk-amd64/jre/lib/amd64/libawt.so
7faefe5e4000-7faefe5e5000 r--p 000a3000 08:05 11667947                   /usr/lib/jvm/java-8-openjdk-amd64/jre/lib/amd64/libawt.so
7faefe5e5000-7faefe5f0000 rw-p 000a4000 08:05 11667947                   /usr/lib/jvm/java-8-openjdk-amd64/jre/lib/amd64/libawt.so
7faefe5f0000-7faefe615000 rw-p 00000000 00:00 0 
7faefe615000-7faefe616000 ---p 00000000 00:00 0 
7faefe616000-7faefe716000 rw-p 00000000 00:00 0 
7faefe716000-7faefe719000 ---p 00000000 00:00 0 
7faefe719000-7faefe817000 rw-p 00000000 00:00 0 
7faefe817000-7faefe818000 ---p 00000000 00:00 0 
7faefe818000-7faefe81b000 ---p 00000000 00:00 0 
7faefe81b000-7faefe918000 rw-p 00000000 00:00 0 
7faefe918000-7faefe919000 ---p 00000000 00:00 0 
7faefe919000-7faefe91c000 ---p 00000000 00:00 0 
7faefe91c000-7faefea19000 rw-p 00000000 00:00 0 
7faefea19000-7faefea1a000 ---p 00000000 00:00 0 
7faefea1a000-7faefea1d000 ---p 00000000 00:00 0 
7faefea1d000-7faefeb1a000 rw-p 00000000 00:00 0 
7faefeb1a000-7faefeb1d000 ---p 00000000 00:00 0 
7faefeb1d000-7faefec1b000 rw-p 00000000 00:00 0 
7faefec1b000-7faeff9fa000 r--p 00000000 08:05 9574906                    /usr/lib/locale/locale-archive
7faeff9fa000-7faeff9fd000 ---p 00000000 00:00 0 
7faeff9fd000-7faeffafb000 rw-p 00000000 00:00 0 
7faeffafb000-7faeffafe000 ---p 00000000 00:00 0 
7faeffafe000-7faeffbfc000 rw-p 00000000 00:00 0 
7faeffbfc000-7faeffbfd000 ---p 00000000 00:00 0 
7faeffbfd000-7faf00000000 rw-p 00000000 00:00 0 
7faf00000000-7faf00021000 rw-p 00000000 00:00 0 
7faf00021000-7faf04000000 ---p 00000000 00:00 0 
7faf04000000-7faf04021000 rw-p 00000000 00:00 0 
7faf04021000-7faf08000000 ---p 00000000 00:00 0 
7faf08000000-7faf08021000 rw-p 00000000 00:00 0 
7faf08021000-7faf0c000000 ---p 00000000 00:00 0 
7faf0c001000-7faf0c002000 r--p 00000000 08:05 9575649                    /usr/lib/x86_64-linux-gnu/libXau.so.6.0.0
7faf0c002000-7faf0c004000 r-xp 00001000 08:05 9575649                    /usr/lib/x86_64-linux-gnu/libXau.so.6.0.0
7faf0c004000-7faf0c005000 r--p 00003000 08:05 9575649                    /usr/lib/x86_64-linux-gnu/libXau.so.6.0.0
7faf0c005000-7faf0c006000 r--p 00003000 08:05 9575649                    /usr/lib/x86_64-linux-gnu/libXau.so.6.0.0
7faf0c006000-7faf0c007000 rw-p 00004000 08:05 9575649                    /usr/lib/x86_64-linux-gnu/libXau.so.6.0.0
7faf0c007000-7faf0c009000 r--p 00000000 08:05 9575670                    /usr/lib/x86_64-linux-gnu/libXi.so.6.1.0
7faf0c009000-7faf0c014000 r-xp 00002000 08:05 9575670                    /usr/lib/x86_64-linux-gnu/libXi.so.6.1.0
7faf0c014000-7faf0c017000 r--p 0000d000 08:05 9575670                    /usr/lib/x86_64-linux-gnu/libXi.so.6.1.0
7faf0c017000-7faf0c018000 r--p 0000f000 08:05 9575670                    /usr/lib/x86_64-linux-gnu/libXi.so.6.1.0
7faf0c018000-7faf0c019000 rw-p 00010000 08:05 9575670                    /usr/lib/x86_64-linux-gnu/libXi.so.6.1.0
7faf0c019000-7faf0c01d000 r--p 00000000 08:05 9575662                    /usr/lib/x86_64-linux-gnu/libXext.so.6.4.0
7faf0c01d000-7faf0c028000 r-xp 00004000 08:05 9575662                    /usr/lib/x86_64-linux-gnu/libXext.so.6.4.0
7faf0c028000-7faf0c02c000 r--p 0000f000 08:05 9575662                    /usr/lib/x86_64-linux-gnu/libXext.so.6.4.0
7faf0c02c000-7faf0c02d000 r--p 00012000 08:05 9575662                    /usr/lib/x86_64-linux-gnu/libXext.so.6.4.0
7faf0c02d000-7faf0c02e000 rw-p 00013000 08:05 9575662                    /usr/lib/x86_64-linux-gnu/libXext.so.6.4.0
7faf0c02f000-7faf0c032000 r--p 00000000 08:05 9575656                    /usr/lib/x86_64-linux-gnu/libXcursor.so.1.0.2
7faf0c032000-7faf0c038000 r-xp 00003000 08:05 9575656                    /usr/lib/x86_64-linux-gnu/libXcursor.so.1.0.2
7faf0c038000-7faf0c03a000 r--p 00009000 08:05 9575656                    /usr/lib/x86_64-linux-gnu/libXcursor.so.1.0.2
7faf0c03a000-7faf0c03b000 r--p 0000a000 08:05 9575656                    /usr/lib/x86_64-linux-gnu/libXcursor.so.1.0.2
7faf0c03b000-7faf0c03c000 rw-p 0000b000 08:05 9575656                    /usr/lib/x86_64-linux-gnu/libXcursor.so.1.0.2
7faf0c03c000-7faf0c04e000 r--s 0034c000 08:05 11668031                   /usr/lib/jvm/java-8-openjdk-amd64/jre/lib/resources.jar
7faf0c04e000-7faf0c07f000 rw-p 00000000 00:00 0 
7faf0c07f000-7faf0c084000 r--p 00000000 08:05 11667983                   /usr/lib/jvm/java-8-openjdk-amd64/jre/lib/amd64/libnet.so
7faf0c084000-7faf0c095000 r-xp 00005000 08:05 11667983                   /usr/lib/jvm/java-8-openjdk-amd64/jre/lib/amd64/libnet.so
7faf0c095000-7faf0c099000 r--p 00016000 08:05 11667983                   /usr/lib/jvm/java-8-openjdk-amd64/jre/lib/amd64/libnet.so
7faf0c099000-7faf0c09a000 r--p 00019000 08:05 11667983                   /usr/lib/jvm/java-8-openjdk-amd64/jre/lib/amd64/libnet.so
7faf0c09a000-7faf0c09b000 rw-p 0001a000 08:05 11667983                   /usr/lib/jvm/java-8-openjdk-amd64/jre/lib/amd64/libnet.so
7faf0c09b000-7faf0c0a2000 r--p 00000000 08:05 11667985                   /usr/lib/jvm/java-8-openjdk-amd64/jre/lib/amd64/libnio.so
7faf0c0a2000-7faf0c0ab000 r-xp 00007000 08:05 11667985                   /usr/lib/jvm/java-8-openjdk-amd64/jre/lib/amd64/libnio.so
7faf0c0ab000-7faf0c0ae000 r--p 00010000 08:05 11667985                   /usr/lib/jvm/java-8-openjdk-amd64/jre/lib/amd64/libnio.so
7faf0c0ae000-7faf0c0af000 r--p 00012000 08:05 11667985                   /usr/lib/jvm/java-8-openjdk-amd64/jre/lib/amd64/libnio.so
7faf0c0af000-7faf0c0b0000 rw-p 00013000 08:05 11667985                   /usr/lib/jvm/java-8-openjdk-amd64/jre/lib/amd64/libnio.so
7faf0c0b0000-7faf0c0b4000 r--s 00041000 08:05 11668011                   /usr/lib/jvm/java-8-openjdk-amd64/jre/lib/ext/sunpkcs11.jar
7faf0c0b4000-7faf0c0cf000 r--s 001d6000 08:05 11668008                   /usr/lib/jvm/java-8-openjdk-amd64/jre/lib/ext/nashorn.jar
7faf0c0cf000-7faf0c0da000 r--s 00116000 08:05 11668007                   /usr/lib/jvm/java-8-openjdk-amd64/jre/lib/ext/localedata.jar
7faf0c0da000-7faf0cdb8000 rw-p 00000000 00:00 0 
7faf0cdb8000-7faf0cf8a000 r--s 03cab000 08:05 11668032                   /usr/lib/jvm/java-8-openjdk-amd64/jre/lib/rt.jar
7faf0cf8a000-7faf0d000000 rw-p 00000000 00:00 0 
7faf0d000000-7faf0d270000 rwxp 00000000 00:00 0 
7faf0d270000-7faf1c000000 ---p 00000000 00:00 0 
7faf1c000000-7faf1c336000 rw-p 00000000 00:00 0 
7faf1c336000-7faf20000000 ---p 00000000 00:00 0 
7faf20003000-7faf2001e000 r--s 00394000 08:05 11668003                   /usr/lib/jvm/java-8-openjdk-amd64/jre/lib/ext/cldrdata.jar
7faf2001e000-7faf20882000 rw-p 00000000 00:00 0 
7faf20882000-7faf208c2000 ---p 00000000 00:00 0 
7faf208c2000-7faf20ec5000 rw-p 00000000 00:00 0 
7faf20ec5000-7faf20ec6000 ---p 00000000 00:00 0 
7faf20ec6000-7faf20fc6000 rw-p 00000000 00:00 0 
7faf20fc6000-7faf20fc7000 ---p 00000000 00:00 0 
7faf20fc7000-7faf210c7000 rw-p 00000000 00:00 0 
7faf210c7000-7faf210c8000 ---p 00000000 00:00 0 
7faf210c8000-7faf211c8000 rw-p 00000000 00:00 0 
7faf211c8000-7faf211c9000 ---p 00000000 00:00 0 
7faf211c9000-7faf21307000 rw-p 00000000 00:00 0 
7faf21307000-7faf216a5000 ---p 00000000 00:00 0 
7faf216a5000-7faf216e3000 rw-p 00000000 00:00 0 
7faf216e3000-7faf21a80000 ---p 00000000 00:00 0 
7faf21a80000-7faf21aa0000 rw-p 00000000 00:00 0 
7faf21aa0000-7faf21c6e000 ---p 00000000 00:00 0 
7faf21c6e000-7faf21c79000 rw-p 00000000 00:00 0 
7faf21c79000-7faf2202f000 ---p 00000000 00:00 0 
7faf2202f000-7faf22032000 r--p 00000000 08:05 9576586                    /usr/lib/x86_64-linux-gnu/libnss_files-2.31.so
7faf22032000-7faf22039000 r-xp 00003000 08:05 9576586                    /usr/lib/x86_64-linux-gnu/libnss_files-2.31.so
7faf22039000-7faf2203b000 r--p 0000a000 08:05 9576586                    /usr/lib/x86_64-linux-gnu/libnss_files-2.31.so
7faf2203b000-7faf2203c000 r--p 0000b000 08:05 9576586                    /usr/lib/x86_64-linux-gnu/libnss_files-2.31.so
7faf2203c000-7faf2203d000 rw-p 0000c000 08:05 9576586                    /usr/lib/x86_64-linux-gnu/libnss_files-2.31.so
7faf2203d000-7faf22043000 rw-p 00000000 00:00 0 
7faf22043000-7faf22049000 r--s 0003d000 08:05 11668010                   /usr/lib/jvm/java-8-openjdk-amd64/jre/lib/ext/sunjce_provider.jar
7faf22049000-7faf2204c000 r--s 0000f000 08:05 11668005                   /usr/lib/jvm/java-8-openjdk-amd64/jre/lib/ext/icedtea-sound.jar
7faf2204c000-7faf2204d000 r--s 0000a000 08:05 11668006                   /usr/lib/jvm/java-8-openjdk-amd64/jre/lib/ext/jaccess.jar
7faf2204d000-7faf2204f000 r--s 00001000 08:05 11668004                   /usr/lib/jvm/java-8-openjdk-amd64/jre/lib/ext/dnsns.jar
7faf2204f000-7faf22051000 r--s 00008000 08:05 11668009                   /usr/lib/jvm/java-8-openjdk-amd64/jre/lib/ext/sunec.jar
7faf22051000-7faf22057000 r--s 000d3000 08:05 11668026                   /usr/lib/jvm/java-8-openjdk-amd64/jre/lib/jfr.jar
7faf22057000-7faf2205a000 r--p 00000000 08:05 11667992                   /usr/lib/jvm/java-8-openjdk-amd64/jre/lib/amd64/libzip.so
7faf2205a000-7faf2205f000 r-xp 00003000 08:05 11667992                   /usr/lib/jvm/java-8-openjdk-amd64/jre/lib/amd64/libzip.so
7faf2205f000-7faf22061000 r--p 00008000 08:05 11667992                   /usr/lib/jvm/java-8-openjdk-amd64/jre/lib/amd64/libzip.so
7faf22061000-7faf22062000 r--p 00009000 08:05 11667992                   /usr/lib/jvm/java-8-openjdk-amd64/jre/lib/amd64/libzip.so
7faf22062000-7faf22063000 rw-p 0000a000 08:05 11667992                   /usr/lib/jvm/java-8-openjdk-amd64/jre/lib/amd64/libzip.so
7faf22063000-7faf22070000 r--p 00000000 08:05 11667958                   /usr/lib/jvm/java-8-openjdk-amd64/jre/lib/amd64/libjava.so
7faf22070000-7faf22088000 r-xp 0000d000 08:05 11667958                   /usr/lib/jvm/java-8-openjdk-amd64/jre/lib/amd64/libjava.so
7faf22088000-7faf2208f000 r--p 00025000 08:05 11667958                   /usr/lib/jvm/java-8-openjdk-amd64/jre/lib/amd64/libjava.so
7faf2208f000-7faf22090000 r--p 0002b000 08:05 11667958                   /usr/lib/jvm/java-8-openjdk-amd64/jre/lib/amd64/libjava.so
7faf22090000-7faf22092000 rw-p 0002c000 08:05 11667958                   /usr/lib/jvm/java-8-openjdk-amd64/jre/lib/amd64/libjava.so
7faf22092000-7faf22095000 r--p 00000000 08:05 9576788                    /usr/lib/x86_64-linux-gnu/librt-2.31.so
7faf22095000-7faf22099000 r-xp 00003000 08:05 9576788                    /usr/lib/x86_64-linux-gnu/librt-2.31.so
7faf22099000-7faf2209a000 r--p 00007000 08:05 9576788                    /usr/lib/x86_64-linux-gnu/librt-2.31.so
7faf2209a000-7faf2209b000 ---p 00008000 08:05 9576788                    /usr/lib/x86_64-linux-gnu/librt-2.31.so
7faf2209b000-7faf2209c000 r--p 00008000 08:05 9576788                    /usr/lib/x86_64-linux-gnu/librt-2.31.so
7faf2209c000-7faf2209d000 rw-p 00009000 08:05 9576788                    /usr/lib/x86_64-linux-gnu/librt-2.31.so
7faf2209d000-7faf2209e000 ---p 00000000 00:00 0 
7faf2209e000-7faf220a1000 ---p 00000000 00:00 0 
7faf220a1000-7faf2219e000 rw-p 00000000 00:00 0 
7faf2219e000-7faf221a1000 r--p 00000000 08:05 9573678                    /usr/lib/x86_64-linux-gnu/libgcc_s.so.1
7faf221a1000-7faf221b3000 r-xp 00003000 08:05 9573678                    /usr/lib/x86_64-linux-gnu/libgcc_s.so.1
7faf221b3000-7faf221b7000 r--p 00015000 08:05 9573678                    /usr/lib/x86_64-linux-gnu/libgcc_s.so.1
7faf221b7000-7faf221b8000 r--p 00018000 08:05 9573678                    /usr/lib/x86_64-linux-gnu/libgcc_s.so.1
7faf221b8000-7faf221b9000 rw-p 00019000 08:05 9573678                    /usr/lib/x86_64-linux-gnu/libgcc_s.so.1
7faf221b9000-7faf221c8000 r--p 00000000 08:05 9576462                    /usr/lib/x86_64-linux-gnu/libm-2.31.so
7faf221c8000-7faf2226f000 r-xp 0000f000 08:05 9576462                    /usr/lib/x86_64-linux-gnu/libm-2.31.so
7faf2226f000-7faf22306000 r--p 000b6000 08:05 9576462                    /usr/lib/x86_64-linux-gnu/libm-2.31.so
7faf22306000-7faf22307000 r--p 0014c000 08:05 9576462                    /usr/lib/x86_64-linux-gnu/libm-2.31.so
7faf22307000-7faf22308000 rw-p 0014d000 08:05 9576462                    /usr/lib/x86_64-linux-gnu/libm-2.31.so
7faf22308000-7faf2239e000 r--p 00000000 08:05 9573679                    /usr/lib/x86_64-linux-gnu/libstdc++.so.6.0.28
7faf2239e000-7faf2248f000 r-xp 00096000 08:05 9573679                    /usr/lib/x86_64-linux-gnu/libstdc++.so.6.0.28
7faf2248f000-7faf224d8000 r--p 00187000 08:05 9573679                    /usr/lib/x86_64-linux-gnu/libstdc++.so.6.0.28
7faf224d8000-7faf224d9000 ---p 001d0000 08:05 9573679                    /usr/lib/x86_64-linux-gnu/libstdc++.so.6.0.28
7faf224d9000-7faf224e4000 r--p 001d0000 08:05 9573679                    /usr/lib/x86_64-linux-gnu/libstdc++.so.6.0.28
7faf224e4000-7faf224e7000 rw-p 001db000 08:05 9573679                    /usr/lib/x86_64-linux-gnu/libstdc++.so.6.0.28
7faf224e7000-7faf224ea000 rw-p 00000000 00:00 0 
7faf224ea000-7faf226df000 r--p 00000000 08:05 11667994                   /usr/lib/jvm/java-8-openjdk-amd64/jre/lib/amd64/server/libjvm.so
7faf226df000-7faf23048000 r-xp 001f5000 08:05 11667994                   /usr/lib/jvm/java-8-openjdk-amd64/jre/lib/amd64/server/libjvm.so
7faf23048000-7faf231fa000 r--p 00b5e000 08:05 11667994                   /usr/lib/jvm/java-8-openjdk-amd64/jre/lib/amd64/server/libjvm.so
7faf231fa000-7faf23290000 r--p 00d0f000 08:05 11667994                   /usr/lib/jvm/java-8-openjdk-amd64/jre/lib/amd64/server/libjvm.so
7faf23290000-7faf232b9000 rw-p 00da5000 08:05 11667994                   /usr/lib/jvm/java-8-openjdk-amd64/jre/lib/amd64/server/libjvm.so
7faf232b9000-7faf232ee000 rw-p 00000000 00:00 0 
7faf232ee000-7faf232f5000 r--p 00000000 08:05 9576727                    /usr/lib/x86_64-linux-gnu/libpthread-2.31.so
7faf232f5000-7faf23306000 r-xp 00007000 08:05 9576727                    /usr/lib/x86_64-linux-gnu/libpthread-2.31.so
7faf23306000-7faf2330b000 r--p 00018000 08:05 9576727                    /usr/lib/x86_64-linux-gnu/libpthread-2.31.so
7faf2330b000-7faf2330c000 r--p 0001c000 08:05 9576727                    /usr/lib/x86_64-linux-gnu/libpthread-2.31.so
7faf2330c000-7faf2330d000 rw-p 0001d000 08:05 9576727                    /usr/lib/x86_64-linux-gnu/libpthread-2.31.so
7faf2330d000-7faf23311000 rw-p 00000000 00:00 0 
7faf23311000-7faf23312000 r--p 00000000 08:05 9575955                    /usr/lib/x86_64-linux-gnu/libdl-2.31.so
7faf23312000-7faf23314000 r-xp 00001000 08:05 9575955                    /usr/lib/x86_64-linux-gnu/libdl-2.31.so
7faf23314000-7faf23315000 r--p 00003000 08:05 9575955                    /usr/lib/x86_64-linux-gnu/libdl-2.31.so
7faf23315000-7faf23316000 r--p 00003000 08:05 9575955                    /usr/lib/x86_64-linux-gnu/libdl-2.31.so
7faf23316000-7faf23317000 rw-p 00004000 08:05 9575955                    /usr/lib/x86_64-linux-gnu/libdl-2.31.so
7faf23317000-7faf23319000 r--p 00000000 08:05 9577152                    /usr/lib/x86_64-linux-gnu/libz.so.1.2.11
7faf23319000-7faf2332a000 r-xp 00002000 08:05 9577152                    /usr/lib/x86_64-linux-gnu/libz.so.1.2.11
7faf2332a000-7faf23330000 r--p 00013000 08:05 9577152                    /usr/lib/x86_64-linux-gnu/libz.so.1.2.11
7faf23330000-7faf23331000 ---p 00019000 08:05 9577152                    /usr/lib/x86_64-linux-gnu/libz.so.1.2.11
7faf23331000-7faf23332000 r--p 00019000 08:05 9577152                    /usr/lib/x86_64-linux-gnu/libz.so.1.2.11
7faf23332000-7faf23333000 rw-p 0001a000 08:05 9577152                    /usr/lib/x86_64-linux-gnu/libz.so.1.2.11
7faf23333000-7faf23358000 r--p 00000000 08:05 9575820                    /usr/lib/x86_64-linux-gnu/libc-2.31.so
7faf23358000-7faf234d0000 r-xp 00025000 08:05 9575820                    /usr/lib/x86_64-linux-gnu/libc-2.31.so
7faf234d0000-7faf2351a000 r--p 0019d000 08:05 9575820                    /usr/lib/x86_64-linux-gnu/libc-2.31.so
7faf2351a000-7faf2351b000 ---p 001e7000 08:05 9575820                    /usr/lib/x86_64-linux-gnu/libc-2.31.so
7faf2351b000-7faf2351e000 r--p 001e7000 08:05 9575820                    /usr/lib/x86_64-linux-gnu/libc-2.31.so
7faf2351e000-7faf23521000 rw-p 001ea000 08:05 9575820                    /usr/lib/x86_64-linux-gnu/libc-2.31.so
7faf23521000-7faf23525000 rw-p 00000000 00:00 0 
7faf23525000-7faf23527000 r--s 0000c000 08:05 10360436                   /usr/share/java/java-atk-wrapper.jar
7faf23527000-7faf23529000 r--s 00010000 08:05 11668012                   /usr/lib/jvm/java-8-openjdk-amd64/jre/lib/ext/zipfs.jar
7faf23529000-7faf23531000 rw-s 00000000 08:05 4456732                    /tmp/hsperfdata_mea/28764
7faf23531000-7faf23532000 rw-p 00000000 00:00 0 
7faf23532000-7faf23537000 r--p 00000000 08:05 11667991                   /usr/lib/jvm/java-8-openjdk-amd64/jre/lib/amd64/libverify.so
7faf23537000-7faf23540000 r-xp 00005000 08:05 11667991                   /usr/lib/jvm/java-8-openjdk-amd64/jre/lib/amd64/libverify.so
7faf23540000-7faf23542000 r--p 0000e000 08:05 11667991                   /usr/lib/jvm/java-8-openjdk-amd64/jre/lib/amd64/libverify.so
7faf23542000-7faf23544000 r--p 0000f000 08:05 11667991                   /usr/lib/jvm/java-8-openjdk-amd64/jre/lib/amd64/libverify.so
7faf23544000-7faf23545000 rw-p 00011000 08:05 11667991                   /usr/lib/jvm/java-8-openjdk-amd64/jre/lib/amd64/libverify.so
7faf23545000-7faf23548000 r--p 00000000 08:05 11667943                   /usr/lib/jvm/java-8-openjdk-amd64/jre/lib/amd64/jli/libjli.so
7faf23548000-7faf23552000 r-xp 00003000 08:05 11667943                   /usr/lib/jvm/java-8-openjdk-amd64/jre/lib/amd64/jli/libjli.so
7faf23552000-7faf23555000 r--p 0000d000 08:05 11667943                   /usr/lib/jvm/java-8-openjdk-amd64/jre/lib/amd64/jli/libjli.so
7faf23555000-7faf23556000 r--p 0000f000 08:05 11667943                   /usr/lib/jvm/java-8-openjdk-amd64/jre/lib/amd64/jli/libjli.so
7faf23556000-7faf23557000 rw-p 00010000 08:05 11667943                   /usr/lib/jvm/java-8-openjdk-amd64/jre/lib/amd64/jli/libjli.so
7faf23557000-7faf23559000 rw-p 00000000 00:00 0 
7faf23559000-7faf2355a000 r--p 00000000 08:05 9575604                    /usr/lib/x86_64-linux-gnu/ld-2.31.so
7faf2355a000-7faf2357d000 r-xp 00001000 08:05 9575604                    /usr/lib/x86_64-linux-gnu/ld-2.31.so
7faf2357d000-7faf23585000 r--p 00024000 08:05 9575604                    /usr/lib/x86_64-linux-gnu/ld-2.31.so
7faf23585000-7faf23586000 r--p 00000000 00:00 0 
7faf23586000-7faf23587000 r--p 0002c000 08:05 9575604                    /usr/lib/x86_64-linux-gnu/ld-2.31.so
7faf23587000-7faf23588000 rw-p 0002d000 08:05 9575604                    /usr/lib/x86_64-linux-gnu/ld-2.31.so
7faf23588000-7faf23589000 rw-p 00000000 00:00 0 
7ffe39c99000-7ffe39cba000 rw-p 00000000 00:00 0                          [stack]
7ffe39df8000-7ffe39dfc000 r--p 00000000 00:00 0                          [vvar]
7ffe39dfc000-7ffe39dfe000 r-xp 00000000 00:00 0                          [vdso]
ffffffffff600000-ffffffffff601000 --xp 00000000 00:00 0                  [vsyscall]

VM Arguments:
jvm_args: -Dfile.encoding=UTF-8 
java_command: awtFormApp.regform
java_class_path (initial): /home/mea/Documents/javaprogs/eclips/awtFormApp/bin
Launcher Type: SUN_STANDARD

Environment Variables:
JAVA_HOME=/usr/lib/jvm/java-8-openjdk-amd64/jre
PATH=/home/mea/.local/bin:/home/mea/bin:/usr/local/sbin:/usr/local/bin:/usr/sbin:/usr/bin:/sbin:/bin:/usr/games:/usr/local/games:/snap/bin:/home/mea/.dotnet/tools:/opt/rocm/bin:/opt/rocm/rocprofiler/bin:/opt/rocm/opencl/bin
USERNAME=mea
SHELL=/bin/bash
DISPLAY=:0

Signal Handlers:
SIGSEGV: [libjvm.so+0xb373b0], sa_mask[0]=11111111011111111101111111111110, sa_flags=SA_RESTART|SA_SIGINFO
SIGBUS: [libjvm.so+0xb373b0], sa_mask[0]=11111111011111111101111111111110, sa_flags=SA_RESTART|SA_SIGINFO
SIGFPE: [libjvm.so+0x97bff0], sa_mask[0]=11111111011111111101111111111110, sa_flags=SA_RESTART|SA_SIGINFO
SIGPIPE: [libjvm.so+0x97bff0], sa_mask[0]=11111111011111111101111111111110, sa_flags=SA_RESTART|SA_SIGINFO
SIGXFSZ: [libjvm.so+0x97bff0], sa_mask[0]=11111111011111111101111111111110, sa_flags=SA_RESTART|SA_SIGINFO
SIGILL: [libjvm.so+0x97bff0], sa_mask[0]=11111111011111111101111111111110, sa_flags=SA_RESTART|SA_SIGINFO
SIGUSR1: SIG_DFL, sa_mask[0]=00000000000000000000000000000000, sa_flags=none
SIGUSR2: [libjvm.so+0x97bea0], sa_mask[0]=00100000000000000000000000000000, sa_flags=SA_RESTART|SA_SIGINFO
SIGHUP: [libjvm.so+0x97c270], sa_mask[0]=11111111011111111101111111111110, sa_flags=SA_RESTART|SA_SIGINFO
SIGINT: [libjvm.so+0x97c270], sa_mask[0]=11111111011111111101111111111110, sa_flags=SA_RESTART|SA_SIGINFO
SIGTERM: [libjvm.so+0x97c270], sa_mask[0]=11111111011111111101111111111110, sa_flags=SA_RESTART|SA_SIGINFO
SIGQUIT: [libjvm.so+0x97c270], sa_mask[0]=11111111011111111101111111111110, sa_flags=SA_RESTART|SA_SIGINFO


---------------  S Y S T E M  ---------------

OS:DISTRIB_ID=Ubuntu
DISTRIB_RELEASE=20.04
DISTRIB_CODENAME=focal
DISTRIB_DESCRIPTION="Ubuntu 20.04.3 LTS"

uname:Linux 5.13.0-25-generic #26~20.04.1-Ubuntu SMP Fri Jan 7 16:27:40 UTC 2022 x86_64
libc:glibc 2.31 NPTL 2.31 
rlimit: STACK 8192k, CORE 0k, NPROC 47040, NOFILE 1048576, AS infinity
load average:1.75 1.78 1.65

/proc/meminfo:
MemTotal:       12130180 kB
MemFree:          374768 kB
MemAvailable:    5771720 kB
Buffers:         1541904 kB
Cached:          3335152 kB
SwapCached:            8 kB
Active:          2302516 kB
Inactive:        7261632 kB
Active(anon):       8220 kB
Inactive(anon):  5431452 kB
Active(file):    2294296 kB
Inactive(file):  1830180 kB
Unevictable:      211548 kB
Mlocked:              96 kB
SwapTotal:       2097148 kB
SwapFree:        2095868 kB
Dirty:              1888 kB
Writeback:             0 kB
AnonPages:       4899064 kB
Mapped:           690728 kB
Shmem:            758084 kB
KReclaimable:    1597892 kB
Slab:            1794208 kB
SReclaimable:    1597892 kB
SUnreclaim:       196316 kB
KernelStack:       30536 kB
PageTables:        61336 kB
NFS_Unstable:          0 kB
Bounce:                0 kB
WritebackTmp:          0 kB
CommitLimit:     8162236 kB
Committed_AS:   15484016 kB
VmallocTotal:   34359738367 kB
VmallocUsed:       64348 kB
VmallocChunk:          0 kB
Percpu:             6096 kB
HardwareCorrupted:     0 kB
AnonHugePages:         0 kB
ShmemHugePages:        0 kB
ShmemPmdMapped:        0 kB
FileHugePages:         0 kB
FilePmdMapped:         0 kB
HugePages_Total:       0
HugePages_Free:        0
HugePages_Rsvd:        0
HugePages_Surp:        0
Hugepagesize:       2048 kB
Hugetlb:               0 kB
DirectMap4k:      465144 kB
DirectMap2M:    11988992 kB
DirectMap1G:           0 kB

container (cgroup) information:
container_type: cgroupv1
cpu_cpuset_cpus: 0-3
cpu_memory_nodes: 0
active_processor_count: 4
cpu_quota: -1
cpu_period: 100000
cpu_shares: -1
memory_limit_in_bytes: -1
memory_and_swap_limit_in_bytes: -1
memory_soft_limit_in_bytes: -1
memory_usage_in_bytes: 975147008
memory_max_usage_in_bytes: 997974016


CPU:total 4 (initial active 4) (2 cores per cpu, 2 threads per core) family 6 model 78 stepping 3, cmov, cx8, fxsr, mmx, sse, sse2, sse3, ssse3, sse4.1, sse4.2, popcnt, avx, avx2, aes, clmul, erms, 3dnowpref, lzcnt, ht, tsc, tscinvbit, bmi1, bmi2, adx

/proc/cpuinfo:
processor	: 0
vendor_id	: GenuineIntel
cpu family	: 6
model		: 78
model name	: Intel(R) Core(TM) i5-6200U CPU @ 2.30GHz
stepping	: 3
microcode	: 0xea
cpu MHz		: 2699.999
cache size	: 3072 KB
physical id	: 0
siblings	: 4
core id		: 0
cpu cores	: 2
apicid		: 0
initial apicid	: 0
fpu		: yes
fpu_exception	: yes
cpuid level	: 22
wp		: yes
flags		: fpu vme de pse tsc msr pae mce cx8 apic sep mtrr pge mca cmov pat pse36 clflush dts acpi mmx fxsr sse sse2 ss ht tm pbe syscall nx pdpe1gb rdtscp lm constant_tsc art arch_perfmon pebs bts rep_good nopl xtopology nonstop_tsc cpuid aperfmperf pni pclmulqdq dtes64 monitor ds_cpl vmx est tm2 ssse3 sdbg fma cx16 xtpr pdcm pcid sse4_1 sse4_2 x2apic movbe popcnt tsc_deadline_timer aes xsave avx f16c rdrand lahf_lm abm 3dnowprefetch cpuid_fault epb invpcid_single pti ssbd ibrs ibpb stibp tpr_shadow vnmi flexpriority ept vpid ept_ad fsgsbase tsc_adjust bmi1 avx2 smep bmi2 erms invpcid mpx rdseed adx smap clflushopt intel_pt xsaveopt xsavec xgetbv1 xsaves dtherm ida arat pln pts hwp hwp_notify hwp_act_window hwp_epp md_clear flush_l1d
vmx flags	: vnmi preemption_timer invvpid ept_x_only ept_ad ept_1gb flexpriority tsc_offset vtpr mtf vapic ept vpid unrestricted_guest ple pml
bugs		: cpu_meltdown spectre_v1 spectre_v2 spec_store_bypass l1tf mds swapgs itlb_multihit srbds
bogomips	: 4800.00
clflush size	: 64
cache_alignment	: 64
address sizes	: 39 bits physical, 48 bits virtual
power management:

processor	: 1
vendor_id	: GenuineIntel
cpu family	: 6
model		: 78
model name	: Intel(R) Core(TM) i5-6200U CPU @ 2.30GHz
stepping	: 3
microcode	: 0xea
cpu MHz		: 2699.997
cache size	: 3072 KB
physical id	: 0
siblings	: 4
core id		: 1
cpu cores	: 2
apicid		: 2
initial apicid	: 2
fpu		: yes
fpu_exception	: yes
cpuid level	: 22
wp		: yes
flags		: fpu vme de pse tsc msr pae mce cx8 apic sep mtrr pge mca cmov pat pse36 clflush dts acpi mmx fxsr sse sse2 ss ht tm pbe syscall nx pdpe1gb rdtscp lm constant_tsc art arch_perfmon pebs bts rep_good nopl xtopology nonstop_tsc cpuid aperfmperf pni pclmulqdq dtes64 monitor ds_cpl vmx est tm2 ssse3 sdbg fma cx16 xtpr pdcm pcid sse4_1 sse4_2 x2apic movbe popcnt tsc_deadline_timer aes xsave avx f16c rdrand lahf_lm abm 3dnowprefetch cpuid_fault epb invpcid_single pti ssbd ibrs ibpb stibp tpr_shadow vnmi flexpriority ept vpid ept_ad fsgsbase tsc_adjust bmi1 avx2 smep bmi2 erms invpcid mpx rdseed adx smap clflushopt intel_pt xsaveopt xsavec xgetbv1 xsaves dtherm ida arat pln pts hwp hwp_notify hwp_act_window hwp_epp md_clear flush_l1d
vmx flags	: vnmi preemption_timer invvpid ept_x_only ept_ad ept_1gb flexpriority tsc_offset vtpr mtf vapic ept vpid unrestricted_guest ple pml
bugs		: cpu_meltdown spectre_v1 spectre_v2 spec_store_bypass l1tf mds swapgs itlb_multihit srbds
bogomips	: 4800.00
clflush size	: 64
cache_alignment	: 64
address sizes	: 39 bits physical, 48 bits virtual
power management:

processor	: 2
vendor_id	: GenuineIntel
cpu family	: 6
model		: 78
model name	: Intel(R) Core(TM) i5-6200U CPU @ 2.30GHz
stepping	: 3
microcode	: 0xea
cpu MHz		: 2700.000
cache size	: 3072 KB
physical id	: 0
siblings	: 4
core id		: 0
cpu cores	: 2
apicid		: 1
initial apicid	: 1
fpu		: yes
fpu_exception	: yes
cpuid level	: 22
wp		: yes
flags		: fpu vme de pse tsc msr pae mce cx8 apic sep mtrr pge mca cmov pat pse36 clflush dts acpi mmx fxsr sse sse2 ss ht tm pbe syscall nx pdpe1gb rdtscp lm constant_tsc art arch_perfmon pebs bts rep_good nopl xtopology nonstop_tsc cpuid aperfmperf pni pclmulqdq dtes64 monitor ds_cpl vmx est tm2 ssse3 sdbg fma cx16 xtpr pdcm pcid sse4_1 sse4_2 x2apic movbe popcnt tsc_deadline_timer aes xsave avx f16c rdrand lahf_lm abm 3dnowprefetch cpuid_fault epb invpcid_single pti ssbd ibrs ibpb stibp tpr_shadow vnmi flexpriority ept vpid ept_ad fsgsbase tsc_adjust bmi1 avx2 smep bmi2 erms invpcid mpx rdseed adx smap clflushopt intel_pt xsaveopt xsavec xgetbv1 xsaves dtherm ida arat pln pts hwp hwp_notify hwp_act_window hwp_epp md_clear flush_l1d
vmx flags	: vnmi preemption_timer invvpid ept_x_only ept_ad ept_1gb flexpriority tsc_offset vtpr mtf vapic ept vpid unrestricted_guest ple pml
bugs		: cpu_meltdown spectre_v1 spectre_v2 spec_store_bypass l1tf mds swapgs itlb_multihit srbds
bogomips	: 4800.00
clflush size	: 64
cache_alignment	: 64
address sizes	: 39 bits physical, 48 bits virtual
power management:

processor	: 3
vendor_id	: GenuineIntel
cpu family	: 6
model		: 78
model name	: Intel(R) Core(TM) i5-6200U CPU @ 2.30GHz
stepping	: 3
microcode	: 0xea
cpu MHz		: 2700.000
cache size	: 3072 KB
physical id	: 0
siblings	: 4
core id		: 1
cpu cores	: 2
apicid		: 3
initial apicid	: 3
fpu		: yes
fpu_exception	: yes
cpuid level	: 22
wp		: yes
flags		: fpu vme de pse tsc msr pae mce cx8 apic sep mtrr pge mca cmov pat pse36 clflush dts acpi mmx fxsr sse sse2 ss ht tm pbe syscall nx pdpe1gb rdtscp lm constant_tsc art arch_perfmon pebs bts rep_good nopl xtopology nonstop_tsc cpuid aperfmperf pni pclmulqdq dtes64 monitor ds_cpl vmx est tm2 ssse3 sdbg fma cx16 xtpr pdcm pcid sse4_1 sse4_2 x2apic movbe popcnt tsc_deadline_timer aes xsave avx f16c rdrand lahf_lm abm 3dnowprefetch cpuid_fault epb invpcid_single pti ssbd ibrs ibpb stibp tpr_shadow vnmi flexpriority ept vpid ept_ad fsgsbase tsc_adjust bmi1 avx2 smep bmi2 erms invpcid mpx rdseed adx smap clflushopt intel_pt xsaveopt xsavec xgetbv1 xsaves dtherm ida arat pln pts hwp hwp_notify hwp_act_window hwp_epp md_clear flush_l1d
vmx flags	: vnmi preemption_timer invvpid ept_x_only ept_ad ept_1gb flexpriority tsc_offset vtpr mtf vapic ept vpid unrestricted_guest ple pml
bugs		: cpu_meltdown spectre_v1 spectre_v2 spec_store_bypass l1tf mds swapgs itlb_multihit srbds
bogomips	: 4800.00
clflush size	: 64
cache_alignment	: 64
address sizes	: 39 bits physical, 48 bits virtual
power management:



Memory: 4k page, physical 12130180k(369376k free), swap 2097148k(2095868k free)

vm_info: OpenJDK 64-Bit Server VM (25.312-b07) for linux-amd64 JRE (1.8.0_312-8u312-b07-0ubuntu1~20.04-b07), built on Nov  3 2021 13:54:59 by "buildd" with gcc 9.3.0

time: Thu Jan 20 01:44:27 2022
timezone: +01
elapsed time: 0.412290 seconds (0d 0h 0m 0s)

